[05-Jan-2021 14:26:28 UTC] PHP Notice:  Trying to access array offset on value of type null in /home/163112.cloudwaysapps.com/tugqfbgzba/public_html/wp-content/plugins/elementor-pro/modules/carousel/widgets/media-carousel.php on line 243
[05-Jan-2021 14:26:28 UTC] PHP Notice:  Trying to access array offset on value of type null in /home/163112.cloudwaysapps.com/tugqfbgzba/public_html/wp-content/plugins/elementor-pro/modules/carousel/widgets/media-carousel.php on line 243
[05-Jan-2021 14:26:28 UTC] PHP Notice:  Trying to access array offset on value of type null in /home/163112.cloudwaysapps.com/tugqfbgzba/public_html/wp-content/plugins/elementor-pro/modules/carousel/widgets/media-carousel.php on line 243
[05-Jan-2021 14:26:28 UTC] PHP Notice:  Trying to access array offset on value of type null in /home/163112.cloudwaysapps.com/tugqfbgzba/public_html/wp-content/plugins/elementor-pro/modules/carousel/widgets/media-carousel.php on line 243
[05-Jan-2021 14:26:28 UTC] PHP Notice:  Undefined index: title in /home/163112.cloudwaysapps.com/tugqfbgzba/public_html/wp-content/plugins/stm-post-type/widgets/socials.php on line 25
[05-Jan-2021 14:26:32 UTC] PHP Notice:  Undefined index: title in /home/163112.cloudwaysapps.com/tugqfbgzba/public_html/wp-content/plugins/stm-post-type/widgets/socials.php on line 25
[05-Jan-2021 14:26:39 UTC] PHP Notice:  Trying to get property 'robotsMeta' of non-object in /home/163112.cloudwaysapps.com/tugqfbgzba/public_html/wp-content/plugins/all-in-one-seo-pack/app/Common/Meta/Robots.php on line 194
[05-Jan-2021 14:26:39 UTC] PHP Fatal error:  Uncaught Error: Call to a member function all() on null in /home/163112.cloudwaysapps.com/tugqfbgzba/public_html/wp-content/plugins/all-in-one-seo-pack/app/Common/Meta/Robots.php:194
Stack trace:
#0 /home/163112.cloudwaysapps.com/tugqfbgzba/public_html/wp-content/plugins/all-in-one-seo-pack/app/Common/Meta/Robots.php(133): AIOSEO\Plugin\Common\Meta\Robots->globalValues()
#1 /home/163112.cloudwaysapps.com/tugqfbgzba/public_html/wp-content/plugins/all-in-one-seo-pack/app/Common/Meta/Robots.php(56): AIOSEO\Plugin\Common\Meta\Robots->post()
#2 /home/163112.cloudwaysapps.com/tugqfbgzba/public_html/wp-content/plugins/all-in-one-seo-pack/app/Common/Views/main/meta.php(11): AIOSEO\Plugin\Common\Meta\Robots->meta()
#3 /home/163112.cloudwaysapps.com/tugqfbgzba/public_html/wp-content/plugins/all-in-one-seo-pack/app/Common/Main/Head.php(161): require_once('/home/163112.cl...')
#4 /home/163112.cloudwaysapps.com/tugqfbgzba/public_html/wp-content/plugins/all-in-one-seo-pack/app/Common/Main/Head.php(90): AIOSEO\Plugin\Common in /home/163112.cloudwaysapps.com/tugqfbgzba/public_html/wp-content/plugins/all-in-one-seo-pack/app/Common/Meta/Robots.php on line 194
[05-Jan-2021 14:26:47 UTC] PHP Notice:  Trying to get property 'robotsMeta' of non-object in /home/163112.cloudwaysapps.com/tugqfbgzba/public_html/wp-content/plugins/all-in-one-seo-pack/app/Common/Meta/Robots.php on line 194
[05-Jan-2021 14:26:47 UTC] PHP Fatal error:  Uncaught Error: Call to a member function all() on null in /home/163112.cloudwaysapps.com/tugqfbgzba/public_html/wp-content/plugins/all-in-one-seo-pack/app/Common/Meta/Robots.php:194
Stack trace:
#0 /home/163112.cloudwaysapps.com/tugqfbgzba/public_html/wp-content/plugins/all-in-one-seo-pack/app/Common/Meta/Robots.php(133): AIOSEO\Plugin\Common\Meta\Robots->globalValues()
#1 /home/163112.cloudwaysapps.com/tugqfbgzba/public_html/wp-content/plugins/all-in-one-seo-pack/app/Common/Meta/Robots.php(56): AIOSEO\Plugin\Common\Meta\Robots->post()
#2 /home/163112.cloudwaysapps.com/tugqfbgzba/public_html/wp-content/plugins/all-in-one-seo-pack/app/Common/Views/main/meta.php(11): AIOSEO\Plugin\Common\Meta\Robots->meta()
#3 /home/163112.cloudwaysapps.com/tugqfbgzba/public_html/wp-content/plugins/all-in-one-seo-pack/app/Common/Main/Head.php(161): require_once('/home/163112.cl...')
#4 /home/163112.cloudwaysapps.com/tugqfbgzba/public_html/wp-content/plugins/all-in-one-seo-pack/app/Common/Main/Head.php(90): AIOSEO\Plugin\Common in /home/163112.cloudwaysapps.com/tugqfbgzba/public_html/wp-content/plugins/all-in-one-seo-pack/app/Common/Meta/Robots.php on line 194
[05-Jan-2021 14:26:55 UTC] PHP Notice:  Trying to get property 'robotsMeta' of non-object in /home/163112.cloudwaysapps.com/tugqfbgzba/public_html/wp-content/plugins/all-in-one-seo-pack/app/Common/Meta/Robots.php on line 194
[05-Jan-2021 14:26:55 UTC] PHP Fatal error:  Uncaught Error: Call to a member function all() on null in /home/163112.cloudwaysapps.com/tugqfbgzba/public_html/wp-content/plugins/all-in-one-seo-pack/app/Common/Meta/Robots.php:194
Stack trace:
#0 /home/163112.cloudwaysapps.com/tugqfbgzba/public_html/wp-content/plugins/all-in-one-seo-pack/app/Common/Meta/Robots.php(133): AIOSEO\Plugin\Common\Meta\Robots->globalValues()
#1 /home/163112.cloudwaysapps.com/tugqfbgzba/public_html/wp-content/plugins/all-in-one-seo-pack/app/Common/Meta/Robots.php(56): AIOSEO\Plugin\Common\Meta\Robots->post()
#2 /home/163112.cloudwaysapps.com/tugqfbgzba/public_html/wp-content/plugins/all-in-one-seo-pack/app/Common/Views/main/meta.php(11): AIOSEO\Plugin\Common\Meta\Robots->meta()
#3 /home/163112.cloudwaysapps.com/tugqfbgzba/public_html/wp-content/plugins/all-in-one-seo-pack/app/Common/Main/Head.php(161): require_once('/home/163112.cl...')
#4 /home/163112.cloudwaysapps.com/tugqfbgzba/public_html/wp-content/plugins/all-in-one-seo-pack/app/Common/Main/Head.php(90): AIOSEO\Plugin\Common in /home/163112.cloudwaysapps.com/tugqfbgzba/public_html/wp-content/plugins/all-in-one-seo-pack/app/Common/Meta/Robots.php on line 194
[05-Jan-2021 14:27:00 UTC] PHP Notice:  Undefined index: title in /home/163112.cloudwaysapps.com/tugqfbgzba/public_html/wp-content/plugins/stm-post-type/widgets/socials.php on line 25
[05-Jan-2021 14:27:03 UTC] PHP Notice:  Trying to get property 'robotsMeta' of non-object in /home/163112.cloudwaysapps.com/tugqfbgzba/public_html/wp-content/plugins/all-in-one-seo-pack/app/Common/Meta/Robots.php on line 194
[05-Jan-2021 14:27:03 UTC] PHP Fatal error:  Uncaught Error: Call to a member function all() on null in /home/163112.cloudwaysapps.com/tugqfbgzba/public_html/wp-content/plugins/all-in-one-seo-pack/app/Common/Meta/Robots.php:194
Stack trace:
#0 /home/163112.cloudwaysapps.com/tugqfbgzba/public_html/wp-content/plugins/all-in-one-seo-pack/app/Common/Meta/Robots.php(133): AIOSEO\Plugin\Common\Meta\Robots->globalValues()
#1 /home/163112.cloudwaysapps.com/tugqfbgzba/public_html/wp-content/plugins/all-in-one-seo-pack/app/Common/Meta/Robots.php(56): AIOSEO\Plugin\Common\Meta\Robots->post()
#2 /home/163112.cloudwaysapps.com/tugqfbgzba/public_html/wp-content/plugins/all-in-one-seo-pack/app/Common/Views/main/meta.php(11): AIOSEO\Plugin\Common\Meta\Robots->meta()
#3 /home/163112.cloudwaysapps.com/tugqfbgzba/public_html/wp-content/plugins/all-in-one-seo-pack/app/Common/Main/Head.php(161): require_once('/home/163112.cl...')
#4 /home/163112.cloudwaysapps.com/tugqfbgzba/public_html/wp-content/plugins/all-in-one-seo-pack/app/Common/Main/Head.php(90): AIOSEO\Plugin\Common in /home/163112.cloudwaysapps.com/tugqfbgzba/public_html/wp-content/plugins/all-in-one-seo-pack/app/Common/Meta/Robots.php on line 194
[05-Jan-2021 14:28:13 UTC] PHP Notice:  Undefined index: title in /home/163112.cloudwaysapps.com/tugqfbgzba/public_html/wp-content/plugins/stm-post-type/widgets/socials.php on line 25
[05-Jan-2021 14:28:14 UTC] PHP Notice:  Undefined index: title in /home/163112.cloudwaysapps.com/tugqfbgzba/public_html/wp-content/plugins/stm-post-type/widgets/socials.php on line 25
[05-Jan-2021 14:28:17 UTC] PHP Notice:  Undefined index: title in /home/163112.cloudwaysapps.com/tugqfbgzba/public_html/wp-content/plugins/stm-post-type/widgets/socials.php on line 25
[05-Jan-2021 14:28:21 UTC] PHP Notice:  Undefined index: title in /home/163112.cloudwaysapps.com/tugqfbgzba/public_html/wp-content/plugins/stm-post-type/widgets/socials.php on line 25
[05-Jan-2021 14:28:31 UTC] PHP Notice:  Trying to access array offset on value of type null in /home/163112.cloudwaysapps.com/tugqfbgzba/public_html/wp-content/plugins/elementor-pro/modules/carousel/widgets/media-carousel.php on line 243
[05-Jan-2021 14:28:31 UTC] PHP Notice:  Trying to access array offset on value of type null in /home/163112.cloudwaysapps.com/tugqfbgzba/public_html/wp-content/plugins/elementor-pro/modules/carousel/widgets/media-carousel.php on line 243
[05-Jan-2021 14:28:31 UTC] PHP Notice:  Trying to access array offset on value of type null in /home/163112.cloudwaysapps.com/tugqfbgzba/public_html/wp-content/plugins/elementor-pro/modules/carousel/widgets/media-carousel.php on line 243
[05-Jan-2021 14:28:31 UTC] PHP Notice:  Trying to access array offset on value of type null in /home/163112.cloudwaysapps.com/tugqfbgzba/public_html/wp-content/plugins/elementor-pro/modules/carousel/widgets/media-carousel.php on line 243
[05-Jan-2021 14:28:32 UTC] PHP Notice:  Undefined index: title in /home/163112.cloudwaysapps.com/tugqfbgzba/public_html/wp-content/plugins/stm-post-type/widgets/socials.php on line 25
[05-Jan-2021 14:34:30 UTC] PHP Notice:  Trying to access array offset on value of type null in /home/163112.cloudwaysapps.com/tugqfbgzba/public_html/wp-content/plugins/elementor-pro/modules/carousel/widgets/media-carousel.php on line 243
[05-Jan-2021 14:34:30 UTC] PHP Notice:  Trying to access array offset on value of type null in /home/163112.cloudwaysapps.com/tugqfbgzba/public_html/wp-content/plugins/elementor-pro/modules/carousel/widgets/media-carousel.php on line 243
[05-Jan-2021 14:34:30 UTC] PHP Notice:  Trying to access array offset on value of type null in /home/163112.cloudwaysapps.com/tugqfbgzba/public_html/wp-content/plugins/elementor-pro/modules/carousel/widgets/media-carousel.php on line 243
[05-Jan-2021 14:34:30 UTC] PHP Notice:  Trying to access array offset on value of type null in /home/163112.cloudwaysapps.com/tugqfbgzba/public_html/wp-content/plugins/elementor-pro/modules/carousel/widgets/media-carousel.php on line 243
[05-Jan-2021 14:34:31 UTC] PHP Notice:  Undefined index: title in /home/163112.cloudwaysapps.com/tugqfbgzba/public_html/wp-content/plugins/stm-post-type/widgets/socials.php on line 25
[05-Jan-2021 14:35:44 UTC] PHP Notice:  Trying to access array offset on value of type null in /home/163112.cloudwaysapps.com/tugqfbgzba/public_html/wp-content/plugins/elementor-pro/modules/carousel/widgets/media-carousel.php on line 243
[05-Jan-2021 14:35:44 UTC] PHP Notice:  Trying to access array offset on value of type null in /home/163112.cloudwaysapps.com/tugqfbgzba/public_html/wp-content/plugins/elementor-pro/modules/carousel/widgets/media-carousel.php on line 243
[05-Jan-2021 14:35:44 UTC] PHP Notice:  Trying to access array offset on value of type null in /home/163112.cloudwaysapps.com/tugqfbgzba/public_html/wp-content/plugins/elementor-pro/modules/carousel/widgets/media-carousel.php on line 243
[05-Jan-2021 14:35:44 UTC] PHP Notice:  Trying to access array offset on value of type null in /home/163112.cloudwaysapps.com/tugqfbgzba/public_html/wp-content/plugins/elementor-pro/modules/carousel/widgets/media-carousel.php on line 243
[05-Jan-2021 14:35:44 UTC] PHP Notice:  Undefined index: title in /home/163112.cloudwaysapps.com/tugqfbgzba/public_html/wp-content/plugins/stm-post-type/widgets/socials.php on line 25
[05-Jan-2021 14:35:59 UTC] PHP Notice:  Undefined index: title in /home/163112.cloudwaysapps.com/tugqfbgzba/public_html/wp-content/plugins/stm-post-type/widgets/socials.php on line 25
[05-Jan-2021 14:36:00 UTC] PHP Notice:  Undefined index: title in /home/163112.cloudwaysapps.com/tugqfbgzba/public_html/wp-content/plugins/stm-post-type/widgets/socials.php on line 25
[05-Jan-2021 14:36:00 UTC] PHP Notice:  Undefined index: title in /home/163112.cloudwaysapps.com/tugqfbgzba/public_html/wp-content/plugins/stm-post-type/widgets/socials.php on line 25
[05-Jan-2021 14:36:00 UTC] PHP Notice:  Undefined index: title in /home/163112.cloudwaysapps.com/tugqfbgzba/public_html/wp-content/plugins/stm-post-type/widgets/socials.php on line 25
[05-Jan-2021 14:36:00 UTC] PHP Notice:  Undefined index: title in /home/163112.cloudwaysapps.com/tugqfbgzba/public_html/wp-content/plugins/stm-post-type/widgets/socials.php on line 25
[05-Jan-2021 14:36:00 UTC] PHP Notice:  Undefined index: title in /home/163112.cloudwaysapps.com/tugqfbgzba/public_html/wp-content/plugins/stm-post-type/widgets/socials.php on line 25
[05-Jan-2021 14:47:38 UTC] PHP Notice:  Trying to get property 'robotsMeta' of non-object in /home/163112.cloudwaysapps.com/tugqfbgzba/public_html/wp-content/plugins/all-in-one-seo-pack/app/Common/Meta/Robots.php on line 194
[05-Jan-2021 14:47:38 UTC] PHP Fatal error:  Uncaught Error: Call to a member function all() on null in /home/163112.cloudwaysapps.com/tugqfbgzba/public_html/wp-content/plugins/all-in-one-seo-pack/app/Common/Meta/Robots.php:194
Stack trace:
#0 /home/163112.cloudwaysapps.com/tugqfbgzba/public_html/wp-content/plugins/all-in-one-seo-pack/app/Common/Meta/Robots.php(133): AIOSEO\Plugin\Common\Meta\Robots->globalValues()
#1 /home/163112.cloudwaysapps.com/tugqfbgzba/public_html/wp-content/plugins/all-in-one-seo-pack/app/Common/Meta/Robots.php(56): AIOSEO\Plugin\Common\Meta\Robots->post()
#2 /home/163112.cloudwaysapps.com/tugqfbgzba/public_html/wp-content/plugins/all-in-one-seo-pack/app/Common/Views/main/meta.php(11): AIOSEO\Plugin\Common\Meta\Robots->meta()
#3 /home/163112.cloudwaysapps.com/tugqfbgzba/public_html/wp-content/plugins/all-in-one-seo-pack/app/Common/Main/Head.php(161): require_once('/home/163112.cl...')
#4 /home/163112.cloudwaysapps.com/tugqfbgzba/public_html/wp-content/plugins/all-in-one-seo-pack/app/Common/Main/Head.php(90): AIOSEO\Plugin\Common in /home/163112.cloudwaysapps.com/tugqfbgzba/public_html/wp-content/plugins/all-in-one-seo-pack/app/Common/Meta/Robots.php on line 194
[05-Jan-2021 14:49:10 UTC] PHP Notice:  Undefined index: title in /home/163112.cloudwaysapps.com/tugqfbgzba/public_html/wp-content/plugins/stm-post-type/widgets/socials.php on line 25
[05-Jan-2021 15:00:12 UTC] PHP Notice:  Trying to get property 'robotsMeta' of non-object in /home/163112.cloudwaysapps.com/tugqfbgzba/public_html/wp-content/plugins/all-in-one-seo-pack/app/Common/Meta/Robots.php on line 194
[05-Jan-2021 15:00:12 UTC] PHP Fatal error:  Uncaught Error: Call to a member function all() on null in /home/163112.cloudwaysapps.com/tugqfbgzba/public_html/wp-content/plugins/all-in-one-seo-pack/app/Common/Meta/Robots.php:194
Stack trace:
#0 /home/163112.cloudwaysapps.com/tugqfbgzba/public_html/wp-content/plugins/all-in-one-seo-pack/app/Common/Meta/Robots.php(133): AIOSEO\Plugin\Common\Meta\Robots->globalValues()
#1 /home/163112.cloudwaysapps.com/tugqfbgzba/public_html/wp-content/plugins/all-in-one-seo-pack/app/Common/Meta/Robots.php(56): AIOSEO\Plugin\Common\Meta\Robots->post()
#2 /home/163112.cloudwaysapps.com/tugqfbgzba/public_html/wp-content/plugins/all-in-one-seo-pack/app/Common/Views/main/meta.php(11): AIOSEO\Plugin\Common\Meta\Robots->meta()
#3 /home/163112.cloudwaysapps.com/tugqfbgzba/public_html/wp-content/plugins/all-in-one-seo-pack/app/Common/Main/Head.php(161): require_once('/home/163112.cl...')
#4 /home/163112.cloudwaysapps.com/tugqfbgzba/public_html/wp-content/plugins/all-in-one-seo-pack/app/Common/Main/Head.php(90): AIOSEO\Plugin\Common in /home/163112.cloudwaysapps.com/tugqfbgzba/public_html/wp-content/plugins/all-in-one-seo-pack/app/Common/Meta/Robots.php on line 194
[05-Jan-2021 15:00:57 UTC] PHP Notice:  map_meta_cap was called <strong>incorrectly</strong>. The post type product is not registered, so it may not be reliable to check the capability "read_post" against a post of that type. Please see <a href="https://wordpress.org/support/article/debugging-in-wordpress/">Debugging in WordPress</a> for more information. (This message was added in version 4.4.0.) in /home/163112.cloudwaysapps.com/tugqfbgzba/public_html/wp-includes/functions.php on line 5229
[05-Jan-2021 15:00:57 UTC] PHP Notice:  map_meta_cap was called <strong>incorrectly</strong>. The post type product is not registered, so it may not be reliable to check the capability "read_post" against a post of that type. Please see <a href="https://wordpress.org/support/article/debugging-in-wordpress/">Debugging in WordPress</a> for more information. (This message was added in version 4.4.0.) in /home/163112.cloudwaysapps.com/tugqfbgzba/public_html/wp-includes/functions.php on line 5229
[05-Jan-2021 15:00:57 UTC] PHP Notice:  map_meta_cap was called <strong>incorrectly</strong>. The post type product is not registered, so it may not be reliable to check the capability "read_post" against a post of that type. Please see <a href="https://wordpress.org/support/article/debugging-in-wordpress/">Debugging in WordPress</a> for more information. (This message was added in version 4.4.0.) in /home/163112.cloudwaysapps.com/tugqfbgzba/public_html/wp-includes/functions.php on line 5229
[05-Jan-2021 15:00:57 UTC] PHP Notice:  map_meta_cap was called <strong>incorrectly</strong>. The post type product is not registered, so it may not be reliable to check the capability "read_post" against a post of that type. Please see <a href="https://wordpress.org/support/article/debugging-in-wordpress/">Debugging in WordPress</a> for more information. (This message was added in version 4.4.0.) in /home/163112.cloudwaysapps.com/tugqfbgzba/public_html/wp-includes/functions.php on line 5229
[05-Jan-2021 15:00:57 UTC] PHP Notice:  map_meta_cap was called <strong>incorrectly</strong>. The post type product is not registered, so it may not be reliable to check the capability "read_post" against a post of that type. Please see <a href="https://wordpress.org/support/article/debugging-in-wordpress/">Debugging in WordPress</a> for more information. (This message was added in version 4.4.0.) in /home/163112.cloudwaysapps.com/tugqfbgzba/public_html/wp-includes/functions.php on line 5229
[05-Jan-2021 15:00:57 UTC] PHP Notice:  map_meta_cap was called <strong>incorrectly</strong>. The post type product is not registered, so it may not be reliable to check the capability "edit_post" against a post of that type. Please see <a href="https://wordpress.org/support/article/debugging-in-wordpress/">Debugging in WordPress</a> for more information. (This message was added in version 4.4.0.) in /home/163112.cloudwaysapps.com/tugqfbgzba/public_html/wp-includes/functions.php on line 5229
[05-Jan-2021 15:00:57 UTC] PHP Notice:  map_meta_cap was called <strong>incorrectly</strong>. The post type product is not registered, so it may not be reliable to check the capability "edit_post" against a post of that type. Please see <a href="https://wordpress.org/support/article/debugging-in-wordpress/">Debugging in WordPress</a> for more information. (This message was added in version 4.4.0.) in /home/163112.cloudwaysapps.com/tugqfbgzba/public_html/wp-includes/functions.php on line 5229
[05-Jan-2021 15:00:57 UTC] PHP Notice:  map_meta_cap was called <strong>incorrectly</strong>. The post type product is not registered, so it may not be reliable to check the capability "edit_post" against a post of that type. Please see <a href="https://wordpress.org/support/article/debugging-in-wordpress/">Debugging in WordPress</a> for more information. (This message was added in version 4.4.0.) in /home/163112.cloudwaysapps.com/tugqfbgzba/public_html/wp-includes/functions.php on line 5229
[05-Jan-2021 15:00:57 UTC] PHP Notice:  map_meta_cap was called <strong>incorrectly</strong>. The post type product is not registered, so it may not be reliable to check the capability "edit_post" against a post of that type. Please see <a href="https://wordpress.org/support/article/debugging-in-wordpress/">Debugging in WordPress</a> for more information. (This message was added in version 4.4.0.) in /home/163112.cloudwaysapps.com/tugqfbgzba/public_html/wp-includes/functions.php on line 5229
[05-Jan-2021 15:00:57 UTC] PHP Notice:  map_meta_cap was called <strong>incorrectly</strong>. The post type product is not registered, so it may not be reliable to check the capability "edit_post" against a post of that type. Please see <a href="https://wordpress.org/support/article/debugging-in-wordpress/">Debugging in WordPress</a> for more information. (This message was added in version 4.4.0.) in /home/163112.cloudwaysapps.com/tugqfbgzba/public_html/wp-includes/functions.php on line 5229
[05-Jan-2021 15:00:58 UTC] PHP Notice: A feed could not be found at `http://reduxframework.com/feed/`; the status code is `404` and content-type is `text/html` in /home/163112.cloudwaysapps.com/tugqfbgzba/public_html/wp-includes/class-simplepie.php on line 1728
[05-Jan-2021 15:02:01 UTC] PHP Notice:  Undefined index: title in /home/163112.cloudwaysapps.com/tugqfbgzba/public_html/wp-content/plugins/stm-post-type/widgets/socials.php on line 25
[05-Jan-2021 15:12:18 UTC] PHP Notice:  Trying to access array offset on value of type null in /home/163112.cloudwaysapps.com/tugqfbgzba/public_html/wp-content/plugins/elementor-pro/modules/carousel/widgets/media-carousel.php on line 243
[05-Jan-2021 15:12:18 UTC] PHP Notice:  Trying to access array offset on value of type null in /home/163112.cloudwaysapps.com/tugqfbgzba/public_html/wp-content/plugins/elementor-pro/modules/carousel/widgets/media-carousel.php on line 243
[05-Jan-2021 15:12:18 UTC] PHP Notice:  Trying to access array offset on value of type null in /home/163112.cloudwaysapps.com/tugqfbgzba/public_html/wp-content/plugins/elementor-pro/modules/carousel/widgets/media-carousel.php on line 243
[05-Jan-2021 15:12:18 UTC] PHP Notice:  Trying to access array offset on value of type null in /home/163112.cloudwaysapps.com/tugqfbgzba/public_html/wp-content/plugins/elementor-pro/modules/carousel/widgets/media-carousel.php on line 243
[05-Jan-2021 15:12:18 UTC] PHP Notice:  Undefined index: title in /home/163112.cloudwaysapps.com/tugqfbgzba/public_html/wp-content/plugins/stm-post-type/widgets/socials.php on line 25
[05-Jan-2021 15:13:12 UTC] PHP Notice:  Trying to access array offset on value of type null in /home/163112.cloudwaysapps.com/tugqfbgzba/public_html/wp-content/plugins/elementor-pro/modules/carousel/widgets/media-carousel.php on line 243
[05-Jan-2021 15:13:12 UTC] PHP Notice:  Trying to access array offset on value of type null in /home/163112.cloudwaysapps.com/tugqfbgzba/public_html/wp-content/plugins/elementor-pro/modules/carousel/widgets/media-carousel.php on line 243
[05-Jan-2021 15:13:12 UTC] PHP Notice:  Trying to access array offset on value of type null in /home/163112.cloudwaysapps.com/tugqfbgzba/public_html/wp-content/plugins/elementor-pro/modules/carousel/widgets/media-carousel.php on line 243
[05-Jan-2021 15:13:12 UTC] PHP Notice:  Trying to access array offset on value of type null in /home/163112.cloudwaysapps.com/tugqfbgzba/public_html/wp-content/plugins/elementor-pro/modules/carousel/widgets/media-carousel.php on line 243
[05-Jan-2021 15:13:12 UTC] PHP Notice:  Undefined index: title in /home/163112.cloudwaysapps.com/tugqfbgzba/public_html/wp-content/plugins/stm-post-type/widgets/socials.php on line 25
[05-Jan-2021 15:13:17 UTC] PHP Notice:  Undefined index: title in /home/163112.cloudwaysapps.com/tugqfbgzba/public_html/wp-content/plugins/stm-post-type/widgets/socials.php on line 25
[05-Jan-2021 15:13:18 UTC] PHP Notice:  Undefined index: title in /home/163112.cloudwaysapps.com/tugqfbgzba/public_html/wp-content/plugins/stm-post-type/widgets/socials.php on line 25
[05-Jan-2021 15:13:27 UTC] PHP Notice:  Trying to get property 'robotsMeta' of non-object in /home/163112.cloudwaysapps.com/tugqfbgzba/public_html/wp-content/plugins/all-in-one-seo-pack/app/Common/Meta/Robots.php on line 194
[05-Jan-2021 15:13:27 UTC] PHP Fatal error:  Uncaught Error: Call to a member function all() on null in /home/163112.cloudwaysapps.com/tugqfbgzba/public_html/wp-content/plugins/all-in-one-seo-pack/app/Common/Meta/Robots.php:194
Stack trace:
#0 /home/163112.cloudwaysapps.com/tugqfbgzba/public_html/wp-content/plugins/all-in-one-seo-pack/app/Common/Meta/Robots.php(133): AIOSEO\Plugin\Common\Meta\Robots->globalValues()
#1 /home/163112.cloudwaysapps.com/tugqfbgzba/public_html/wp-content/plugins/all-in-one-seo-pack/app/Common/Meta/Robots.php(56): AIOSEO\Plugin\Common\Meta\Robots->post()
#2 /home/163112.cloudwaysapps.com/tugqfbgzba/public_html/wp-content/plugins/all-in-one-seo-pack/app/Common/Views/main/meta.php(11): AIOSEO\Plugin\Common\Meta\Robots->meta()
#3 /home/163112.cloudwaysapps.com/tugqfbgzba/public_html/wp-content/plugins/all-in-one-seo-pack/app/Common/Main/Head.php(161): require_once('/home/163112.cl...')
#4 /home/163112.cloudwaysapps.com/tugqfbgzba/public_html/wp-content/plugins/all-in-one-seo-pack/app/Common/Main/Head.php(90): AIOSEO\Plugin\Common in /home/163112.cloudwaysapps.com/tugqfbgzba/public_html/wp-content/plugins/all-in-one-seo-pack/app/Common/Meta/Robots.php on line 194
[05-Jan-2021 15:13:44 UTC] PHP Notice:  Trying to get property 'robotsMeta' of non-object in /home/163112.cloudwaysapps.com/tugqfbgzba/public_html/wp-content/plugins/all-in-one-seo-pack/app/Common/Meta/Robots.php on line 194
[05-Jan-2021 15:13:44 UTC] PHP Fatal error:  Uncaught Error: Call to a member function all() on null in /home/163112.cloudwaysapps.com/tugqfbgzba/public_html/wp-content/plugins/all-in-one-seo-pack/app/Common/Meta/Robots.php:194
Stack trace:
#0 /home/163112.cloudwaysapps.com/tugqfbgzba/public_html/wp-content/plugins/all-in-one-seo-pack/app/Common/Meta/Robots.php(133): AIOSEO\Plugin\Common\Meta\Robots->globalValues()
#1 /home/163112.cloudwaysapps.com/tugqfbgzba/public_html/wp-content/plugins/all-in-one-seo-pack/app/Common/Meta/Robots.php(56): AIOSEO\Plugin\Common\Meta\Robots->post()
#2 /home/163112.cloudwaysapps.com/tugqfbgzba/public_html/wp-content/plugins/all-in-one-seo-pack/app/Common/Views/main/meta.php(11): AIOSEO\Plugin\Common\Meta\Robots->meta()
#3 /home/163112.cloudwaysapps.com/tugqfbgzba/public_html/wp-content/plugins/all-in-one-seo-pack/app/Common/Main/Head.php(161): require_once('/home/163112.cl...')
#4 /home/163112.cloudwaysapps.com/tugqfbgzba/public_html/wp-content/plugins/all-in-one-seo-pack/app/Common/Main/Head.php(90): AIOSEO\Plugin\Common in /home/163112.cloudwaysapps.com/tugqfbgzba/public_html/wp-content/plugins/all-in-one-seo-pack/app/Common/Meta/Robots.php on line 194
[05-Jan-2021 15:13:56 UTC] PHP Notice:  Trying to get property 'robotsMeta' of non-object in /home/163112.cloudwaysapps.com/tugqfbgzba/public_html/wp-content/plugins/all-in-one-seo-pack/app/Common/Meta/Robots.php on line 194
[05-Jan-2021 15:13:56 UTC] PHP Fatal error:  Uncaught Error: Call to a member function all() on null in /home/163112.cloudwaysapps.com/tugqfbgzba/public_html/wp-content/plugins/all-in-one-seo-pack/app/Common/Meta/Robots.php:194
Stack trace:
#0 /home/163112.cloudwaysapps.com/tugqfbgzba/public_html/wp-content/plugins/all-in-one-seo-pack/app/Common/Meta/Robots.php(133): AIOSEO\Plugin\Common\Meta\Robots->globalValues()
#1 /home/163112.cloudwaysapps.com/tugqfbgzba/public_html/wp-content/plugins/all-in-one-seo-pack/app/Common/Meta/Robots.php(56): AIOSEO\Plugin\Common\Meta\Robots->post()
#2 /home/163112.cloudwaysapps.com/tugqfbgzba/public_html/wp-content/plugins/all-in-one-seo-pack/app/Common/Views/main/meta.php(11): AIOSEO\Plugin\Common\Meta\Robots->meta()
#3 /home/163112.cloudwaysapps.com/tugqfbgzba/public_html/wp-content/plugins/all-in-one-seo-pack/app/Common/Main/Head.php(161): require_once('/home/163112.cl...')
#4 /home/163112.cloudwaysapps.com/tugqfbgzba/public_html/wp-content/plugins/all-in-one-seo-pack/app/Common/Main/Head.php(90): AIOSEO\Plugin\Common in /home/163112.cloudwaysapps.com/tugqfbgzba/public_html/wp-content/plugins/all-in-one-seo-pack/app/Common/Meta/Robots.php on line 194
[05-Jan-2021 15:15:14 UTC] PHP Notice:  Trying to get property 'robotsMeta' of non-object in /home/163112.cloudwaysapps.com/tugqfbgzba/public_html/wp-content/plugins/all-in-one-seo-pack/app/Common/Meta/Robots.php on line 194
[05-Jan-2021 15:15:14 UTC] PHP Fatal error:  Uncaught Error: Call to a member function all() on null in /home/163112.cloudwaysapps.com/tugqfbgzba/public_html/wp-content/plugins/all-in-one-seo-pack/app/Common/Meta/Robots.php:194
Stack trace:
#0 /home/163112.cloudwaysapps.com/tugqfbgzba/public_html/wp-content/plugins/all-in-one-seo-pack/app/Common/Meta/Robots.php(133): AIOSEO\Plugin\Common\Meta\Robots->globalValues()
#1 /home/163112.cloudwaysapps.com/tugqfbgzba/public_html/wp-content/plugins/all-in-one-seo-pack/app/Common/Meta/Robots.php(56): AIOSEO\Plugin\Common\Meta\Robots->post()
#2 /home/163112.cloudwaysapps.com/tugqfbgzba/public_html/wp-content/plugins/all-in-one-seo-pack/app/Common/Views/main/meta.php(11): AIOSEO\Plugin\Common\Meta\Robots->meta()
#3 /home/163112.cloudwaysapps.com/tugqfbgzba/public_html/wp-content/plugins/all-in-one-seo-pack/app/Common/Main/Head.php(161): require_once('/home/163112.cl...')
#4 /home/163112.cloudwaysapps.com/tugqfbgzba/public_html/wp-content/plugins/all-in-one-seo-pack/app/Common/Main/Head.php(90): AIOSEO\Plugin\Common in /home/163112.cloudwaysapps.com/tugqfbgzba/public_html/wp-content/plugins/all-in-one-seo-pack/app/Common/Meta/Robots.php on line 194
[05-Jan-2021 15:16:26 UTC] PHP Notice:  Trying to get property 'robotsMeta' of non-object in /home/163112.cloudwaysapps.com/tugqfbgzba/public_html/wp-content/plugins/all-in-one-seo-pack/app/Common/Meta/Robots.php on line 194
[05-Jan-2021 15:16:26 UTC] PHP Fatal error:  Uncaught Error: Call to a member function all() on null in /home/163112.cloudwaysapps.com/tugqfbgzba/public_html/wp-content/plugins/all-in-one-seo-pack/app/Common/Meta/Robots.php:194
Stack trace:
#0 /home/163112.cloudwaysapps.com/tugqfbgzba/public_html/wp-content/plugins/all-in-one-seo-pack/app/Common/Meta/Robots.php(133): AIOSEO\Plugin\Common\Meta\Robots->globalValues()
#1 /home/163112.cloudwaysapps.com/tugqfbgzba/public_html/wp-content/plugins/all-in-one-seo-pack/app/Common/Meta/Robots.php(56): AIOSEO\Plugin\Common\Meta\Robots->post()
#2 /home/163112.cloudwaysapps.com/tugqfbgzba/public_html/wp-content/plugins/all-in-one-seo-pack/app/Common/Views/main/meta.php(11): AIOSEO\Plugin\Common\Meta\Robots->meta()
#3 /home/163112.cloudwaysapps.com/tugqfbgzba/public_html/wp-content/plugins/all-in-one-seo-pack/app/Common/Main/Head.php(161): require_once('/home/163112.cl...')
#4 /home/163112.cloudwaysapps.com/tugqfbgzba/public_html/wp-content/plugins/all-in-one-seo-pack/app/Common/Main/Head.php(90): AIOSEO\Plugin\Common in /home/163112.cloudwaysapps.com/tugqfbgzba/public_html/wp-content/plugins/all-in-one-seo-pack/app/Common/Meta/Robots.php on line 194
[05-Jan-2021 15:17:39 UTC] PHP Notice:  Trying to get property 'robotsMeta' of non-object in /home/163112.cloudwaysapps.com/tugqfbgzba/public_html/wp-content/plugins/all-in-one-seo-pack/app/Common/Meta/Robots.php on line 194
[05-Jan-2021 15:17:39 UTC] PHP Fatal error:  Uncaught Error: Call to a member function all() on null in /home/163112.cloudwaysapps.com/tugqfbgzba/public_html/wp-content/plugins/all-in-one-seo-pack/app/Common/Meta/Robots.php:194
Stack trace:
#0 /home/163112.cloudwaysapps.com/tugqfbgzba/public_html/wp-content/plugins/all-in-one-seo-pack/app/Common/Meta/Robots.php(133): AIOSEO\Plugin\Common\Meta\Robots->globalValues()
#1 /home/163112.cloudwaysapps.com/tugqfbgzba/public_html/wp-content/plugins/all-in-one-seo-pack/app/Common/Meta/Robots.php(56): AIOSEO\Plugin\Common\Meta\Robots->post()
#2 /home/163112.cloudwaysapps.com/tugqfbgzba/public_html/wp-content/plugins/all-in-one-seo-pack/app/Common/Views/main/meta.php(11): AIOSEO\Plugin\Common\Meta\Robots->meta()
#3 /home/163112.cloudwaysapps.com/tugqfbgzba/public_html/wp-content/plugins/all-in-one-seo-pack/app/Common/Main/Head.php(161): require_once('/home/163112.cl...')
#4 /home/163112.cloudwaysapps.com/tugqfbgzba/public_html/wp-content/plugins/all-in-one-seo-pack/app/Common/Main/Head.php(90): AIOSEO\Plugin\Common in /home/163112.cloudwaysapps.com/tugqfbgzba/public_html/wp-content/plugins/all-in-one-seo-pack/app/Common/Meta/Robots.php on line 194
[05-Jan-2021 15:18:24 UTC] PHP Notice:  Trying to get property 'robotsMeta' of non-object in /home/163112.cloudwaysapps.com/tugqfbgzba/public_html/wp-content/plugins/all-in-one-seo-pack/app/Common/Meta/Robots.php on line 194
[05-Jan-2021 15:18:24 UTC] PHP Fatal error:  Uncaught Error: Call to a member function all() on null in /home/163112.cloudwaysapps.com/tugqfbgzba/public_html/wp-content/plugins/all-in-one-seo-pack/app/Common/Meta/Robots.php:194
Stack trace:
#0 /home/163112.cloudwaysapps.com/tugqfbgzba/public_html/wp-content/plugins/all-in-one-seo-pack/app/Common/Meta/Robots.php(133): AIOSEO\Plugin\Common\Meta\Robots->globalValues()
#1 /home/163112.cloudwaysapps.com/tugqfbgzba/public_html/wp-content/plugins/all-in-one-seo-pack/app/Common/Meta/Robots.php(56): AIOSEO\Plugin\Common\Meta\Robots->post()
#2 /home/163112.cloudwaysapps.com/tugqfbgzba/public_html/wp-content/plugins/all-in-one-seo-pack/app/Common/Views/main/meta.php(11): AIOSEO\Plugin\Common\Meta\Robots->meta()
#3 /home/163112.cloudwaysapps.com/tugqfbgzba/public_html/wp-content/plugins/all-in-one-seo-pack/app/Common/Main/Head.php(161): require_once('/home/163112.cl...')
#4 /home/163112.cloudwaysapps.com/tugqfbgzba/public_html/wp-content/plugins/all-in-one-seo-pack/app/Common/Main/Head.php(90): AIOSEO\Plugin\Common in /home/163112.cloudwaysapps.com/tugqfbgzba/public_html/wp-content/plugins/all-in-one-seo-pack/app/Common/Meta/Robots.php on line 194
[05-Jan-2021 15:18:27 UTC] PHP Notice:  Trying to get property 'robotsMeta' of non-object in /home/163112.cloudwaysapps.com/tugqfbgzba/public_html/wp-content/plugins/all-in-one-seo-pack/app/Common/Meta/Robots.php on line 194
[05-Jan-2021 15:18:27 UTC] PHP Fatal error:  Uncaught Error: Call to a member function all() on null in /home/163112.cloudwaysapps.com/tugqfbgzba/public_html/wp-content/plugins/all-in-one-seo-pack/app/Common/Meta/Robots.php:194
Stack trace:
#0 /home/163112.cloudwaysapps.com/tugqfbgzba/public_html/wp-content/plugins/all-in-one-seo-pack/app/Common/Meta/Robots.php(133): AIOSEO\Plugin\Common\Meta\Robots->globalValues()
#1 /home/163112.cloudwaysapps.com/tugqfbgzba/public_html/wp-content/plugins/all-in-one-seo-pack/app/Common/Meta/Robots.php(56): AIOSEO\Plugin\Common\Meta\Robots->post()
#2 /home/163112.cloudwaysapps.com/tugqfbgzba/public_html/wp-content/plugins/all-in-one-seo-pack/app/Common/Views/main/meta.php(11): AIOSEO\Plugin\Common\Meta\Robots->meta()
#3 /home/163112.cloudwaysapps.com/tugqfbgzba/public_html/wp-content/plugins/all-in-one-seo-pack/app/Common/Main/Head.php(161): require_once('/home/163112.cl...')
#4 /home/163112.cloudwaysapps.com/tugqfbgzba/public_html/wp-content/plugins/all-in-one-seo-pack/app/Common/Main/Head.php(90): AIOSEO\Plugin\Common in /home/163112.cloudwaysapps.com/tugqfbgzba/public_html/wp-content/plugins/all-in-one-seo-pack/app/Common/Meta/Robots.php on line 194
[05-Jan-2021 15:18:54 UTC] PHP Notice:  Trying to get property 'robotsMeta' of non-object in /home/163112.cloudwaysapps.com/tugqfbgzba/public_html/wp-content/plugins/all-in-one-seo-pack/app/Common/Meta/Robots.php on line 194
[05-Jan-2021 15:18:54 UTC] PHP Fatal error:  Uncaught Error: Call to a member function all() on null in /home/163112.cloudwaysapps.com/tugqfbgzba/public_html/wp-content/plugins/all-in-one-seo-pack/app/Common/Meta/Robots.php:194
Stack trace:
#0 /home/163112.cloudwaysapps.com/tugqfbgzba/public_html/wp-content/plugins/all-in-one-seo-pack/app/Common/Meta/Robots.php(133): AIOSEO\Plugin\Common\Meta\Robots->globalValues()
#1 /home/163112.cloudwaysapps.com/tugqfbgzba/public_html/wp-content/plugins/all-in-one-seo-pack/app/Common/Meta/Robots.php(56): AIOSEO\Plugin\Common\Meta\Robots->post()
#2 /home/163112.cloudwaysapps.com/tugqfbgzba/public_html/wp-content/plugins/all-in-one-seo-pack/app/Common/Views/main/meta.php(11): AIOSEO\Plugin\Common\Meta\Robots->meta()
#3 /home/163112.cloudwaysapps.com/tugqfbgzba/public_html/wp-content/plugins/all-in-one-seo-pack/app/Common/Main/Head.php(161): require_once('/home/163112.cl...')
#4 /home/163112.cloudwaysapps.com/tugqfbgzba/public_html/wp-content/plugins/all-in-one-seo-pack/app/Common/Main/Head.php(90): AIOSEO\Plugin\Common in /home/163112.cloudwaysapps.com/tugqfbgzba/public_html/wp-content/plugins/all-in-one-seo-pack/app/Common/Meta/Robots.php on line 194
[05-Jan-2021 15:20:22 UTC] PHP Notice:  Trying to get property 'robotsMeta' of non-object in /home/163112.cloudwaysapps.com/tugqfbgzba/public_html/wp-content/plugins/all-in-one-seo-pack/app/Common/Meta/Robots.php on line 194
[05-Jan-2021 15:20:22 UTC] PHP Fatal error:  Uncaught Error: Call to a member function all() on null in /home/163112.cloudwaysapps.com/tugqfbgzba/public_html/wp-content/plugins/all-in-one-seo-pack/app/Common/Meta/Robots.php:194
Stack trace:
#0 /home/163112.cloudwaysapps.com/tugqfbgzba/public_html/wp-content/plugins/all-in-one-seo-pack/app/Common/Meta/Robots.php(133): AIOSEO\Plugin\Common\Meta\Robots->globalValues()
#1 /home/163112.cloudwaysapps.com/tugqfbgzba/public_html/wp-content/plugins/all-in-one-seo-pack/app/Common/Meta/Robots.php(56): AIOSEO\Plugin\Common\Meta\Robots->post()
#2 /home/163112.cloudwaysapps.com/tugqfbgzba/public_html/wp-content/plugins/all-in-one-seo-pack/app/Common/Views/main/meta.php(11): AIOSEO\Plugin\Common\Meta\Robots->meta()
#3 /home/163112.cloudwaysapps.com/tugqfbgzba/public_html/wp-content/plugins/all-in-one-seo-pack/app/Common/Main/Head.php(161): require_once('/home/163112.cl...')
#4 /home/163112.cloudwaysapps.com/tugqfbgzba/public_html/wp-content/plugins/all-in-one-seo-pack/app/Common/Main/Head.php(90): AIOSEO\Plugin\Common in /home/163112.cloudwaysapps.com/tugqfbgzba/public_html/wp-content/plugins/all-in-one-seo-pack/app/Common/Meta/Robots.php on line 194
[05-Jan-2021 15:21:03 UTC] PHP Notice:  Undefined index: title in /home/163112.cloudwaysapps.com/tugqfbgzba/public_html/wp-content/plugins/stm-post-type/widgets/socials.php on line 25
[05-Jan-2021 15:21:05 UTC] PHP Notice:  Undefined index: title in /home/163112.cloudwaysapps.com/tugqfbgzba/public_html/wp-content/plugins/stm-post-type/widgets/socials.php on line 25
[05-Jan-2021 17:50:16 UTC] PHP Notice:  Trying to access array offset on value of type null in /home/163112.cloudwaysapps.com/tugqfbgzba/public_html/wp-content/plugins/elementor-pro/modules/carousel/widgets/media-carousel.php on line 243
[05-Jan-2021 17:50:16 UTC] PHP Notice:  Trying to access array offset on value of type null in /home/163112.cloudwaysapps.com/tugqfbgzba/public_html/wp-content/plugins/elementor-pro/modules/carousel/widgets/media-carousel.php on line 243
[05-Jan-2021 17:50:16 UTC] PHP Notice:  Trying to access array offset on value of type null in /home/163112.cloudwaysapps.com/tugqfbgzba/public_html/wp-content/plugins/elementor-pro/modules/carousel/widgets/media-carousel.php on line 243
[05-Jan-2021 17:50:16 UTC] PHP Notice:  Trying to access array offset on value of type null in /home/163112.cloudwaysapps.com/tugqfbgzba/public_html/wp-content/plugins/elementor-pro/modules/carousel/widgets/media-carousel.php on line 243
[05-Jan-2021 17:50:16 UTC] PHP Notice:  Undefined index: title in /home/163112.cloudwaysapps.com/tugqfbgzba/public_html/wp-content/plugins/stm-post-type/widgets/socials.php on line 25
[05-Jan-2021 17:50:45 UTC] PHP Notice:  Trying to access array offset on value of type null in /home/163112.cloudwaysapps.com/tugqfbgzba/public_html/wp-content/plugins/elementor-pro/modules/carousel/widgets/media-carousel.php on line 243
[05-Jan-2021 17:50:45 UTC] PHP Notice:  Trying to access array offset on value of type null in /home/163112.cloudwaysapps.com/tugqfbgzba/public_html/wp-content/plugins/elementor-pro/modules/carousel/widgets/media-carousel.php on line 243
[05-Jan-2021 17:50:45 UTC] PHP Notice:  Trying to access array offset on value of type null in /home/163112.cloudwaysapps.com/tugqfbgzba/public_html/wp-content/plugins/elementor-pro/modules/carousel/widgets/media-carousel.php on line 243
[05-Jan-2021 17:50:45 UTC] PHP Notice:  Trying to access array offset on value of type null in /home/163112.cloudwaysapps.com/tugqfbgzba/public_html/wp-content/plugins/elementor-pro/modules/carousel/widgets/media-carousel.php on line 243
[05-Jan-2021 17:50:45 UTC] PHP Notice:  Undefined index: title in /home/163112.cloudwaysapps.com/tugqfbgzba/public_html/wp-content/plugins/stm-post-type/widgets/socials.php on line 25
[05-Jan-2021 17:50:57 UTC] PHP Notice:  Undefined index: title in /home/163112.cloudwaysapps.com/tugqfbgzba/public_html/wp-content/plugins/stm-post-type/widgets/socials.php on line 25
[05-Jan-2021 17:50:58 UTC] PHP Notice:  Undefined index: title in /home/163112.cloudwaysapps.com/tugqfbgzba/public_html/wp-content/plugins/stm-post-type/widgets/socials.php on line 25
[05-Jan-2021 17:51:09 UTC] PHP Notice:  Undefined index: title in /home/163112.cloudwaysapps.com/tugqfbgzba/public_html/wp-content/plugins/stm-post-type/widgets/socials.php on line 25
[05-Jan-2021 17:51:13 UTC] PHP Notice:  Undefined index: title in /home/163112.cloudwaysapps.com/tugqfbgzba/public_html/wp-content/plugins/stm-post-type/widgets/socials.php on line 25
[05-Jan-2021 17:51:14 UTC] PHP Notice:  Undefined index: title in /home/163112.cloudwaysapps.com/tugqfbgzba/public_html/wp-content/plugins/stm-post-type/widgets/socials.php on line 25
[05-Jan-2021 17:51:25 UTC] PHP Notice:  Undefined index: title in /home/163112.cloudwaysapps.com/tugqfbgzba/public_html/wp-content/plugins/stm-post-type/widgets/socials.php on line 25
[05-Jan-2021 17:51:25 UTC] PHP Notice:  Undefined index: title in /home/163112.cloudwaysapps.com/tugqfbgzba/public_html/wp-content/plugins/stm-post-type/widgets/socials.php on line 25
[05-Jan-2021 17:51:25 UTC] PHP Notice:  Undefined index: title in /home/163112.cloudwaysapps.com/tugqfbgzba/public_html/wp-content/plugins/stm-post-type/widgets/socials.php on line 25
[05-Jan-2021 17:51:25 UTC] PHP Notice:  Undefined index: title in /home/163112.cloudwaysapps.com/tugqfbgzba/public_html/wp-content/plugins/stm-post-type/widgets/socials.php on line 25
[05-Jan-2021 17:51:25 UTC] PHP Notice:  Undefined index: title in /home/163112.cloudwaysapps.com/tugqfbgzba/public_html/wp-content/plugins/stm-post-type/widgets/socials.php on line 25
[05-Jan-2021 17:51:25 UTC] PHP Notice:  Undefined index: title in /home/163112.cloudwaysapps.com/tugqfbgzba/public_html/wp-content/plugins/stm-post-type/widgets/socials.php on line 25
[05-Jan-2021 17:51:26 UTC] PHP Notice:  Undefined index: title in /home/163112.cloudwaysapps.com/tugqfbgzba/public_html/wp-content/plugins/stm-post-type/widgets/socials.php on line 25
[05-Jan-2021 17:51:26 UTC] PHP Notice:  Undefined index: title in /home/163112.cloudwaysapps.com/tugqfbgzba/public_html/wp-content/plugins/stm-post-type/widgets/socials.php on line 25
[05-Jan-2021 17:51:26 UTC] PHP Notice:  Undefined index: title in /home/163112.cloudwaysapps.com/tugqfbgzba/public_html/wp-content/plugins/stm-post-type/widgets/socials.php on line 25
[05-Jan-2021 17:51:26 UTC] PHP Notice:  Undefined index: title in /home/163112.cloudwaysapps.com/tugqfbgzba/public_html/wp-content/plugins/stm-post-type/widgets/socials.php on line 25
[05-Jan-2021 17:51:26 UTC] PHP Notice:  Undefined index: title in /home/163112.cloudwaysapps.com/tugqfbgzba/public_html/wp-content/plugins/stm-post-type/widgets/socials.php on line 25
[05-Jan-2021 17:51:26 UTC] PHP Notice:  Undefined index: title in /home/163112.cloudwaysapps.com/tugqfbgzba/public_html/wp-content/plugins/stm-post-type/widgets/socials.php on line 25
[05-Jan-2021 17:51:26 UTC] PHP Notice:  Undefined index: title in /home/163112.cloudwaysapps.com/tugqfbgzba/public_html/wp-content/plugins/stm-post-type/widgets/socials.php on line 25
[05-Jan-2021 17:51:26 UTC] PHP Notice:  Undefined index: title in /home/163112.cloudwaysapps.com/tugqfbgzba/public_html/wp-content/plugins/stm-post-type/widgets/socials.php on line 25
[05-Jan-2021 17:51:26 UTC] PHP Notice:  Undefined index: title in /home/163112.cloudwaysapps.com/tugqfbgzba/public_html/wp-content/plugins/stm-post-type/widgets/socials.php on line 25
[05-Jan-2021 17:51:26 UTC] PHP Notice:  Undefined index: title in /home/163112.cloudwaysapps.com/tugqfbgzba/public_html/wp-content/plugins/stm-post-type/widgets/socials.php on line 25
[05-Jan-2021 17:51:26 UTC] PHP Notice:  Undefined index: title in /home/163112.cloudwaysapps.com/tugqfbgzba/public_html/wp-content/plugins/stm-post-type/widgets/socials.php on line 25
[05-Jan-2021 17:51:26 UTC] PHP Notice:  Undefined index: title in /home/163112.cloudwaysapps.com/tugqfbgzba/public_html/wp-content/plugins/stm-post-type/widgets/socials.php on line 25
[05-Jan-2021 17:51:27 UTC] PHP Notice:  Undefined index: title in /home/163112.cloudwaysapps.com/tugqfbgzba/public_html/wp-content/plugins/stm-post-type/widgets/socials.php on line 25
[05-Jan-2021 17:51:27 UTC] PHP Notice:  Undefined index: title in /home/163112.cloudwaysapps.com/tugqfbgzba/public_html/wp-content/plugins/stm-post-type/widgets/socials.php on line 25
[05-Jan-2021 17:51:27 UTC] PHP Notice:  Undefined index: title in /home/163112.cloudwaysapps.com/tugqfbgzba/public_html/wp-content/plugins/stm-post-type/widgets/socials.php on line 25
[05-Jan-2021 17:51:27 UTC] PHP Notice:  Undefined index: title in /home/163112.cloudwaysapps.com/tugqfbgzba/public_html/wp-content/plugins/stm-post-type/widgets/socials.php on line 25
[05-Jan-2021 17:51:27 UTC] PHP Notice:  Undefined index: title in /home/163112.cloudwaysapps.com/tugqfbgzba/public_html/wp-content/plugins/stm-post-type/widgets/socials.php on line 25
