2021-01-05T05:20:07+00:00 CRITICAL Uncaught Error: Call to a member function all() on null in /home/163112.cloudwaysapps.com/tugqfbgzba/public_html/wp-content/plugins/all-in-one-seo-pack/app/Common/Meta/Robots.php:194
Stack trace:
#0 /home/163112.cloudwaysapps.com/tugqfbgzba/public_html/wp-content/plugins/all-in-one-seo-pack/app/Common/Meta/Robots.php(133): AIOSEO\Plugin\Common\Meta\Robots->globalValues()
#1 /home/163112.cloudwaysapps.com/tugqfbgzba/public_html/wp-content/plugins/all-in-one-seo-pack/app/Common/Meta/Robots.php(56): AIOSEO\Plugin\Common\Meta\Robots->post()
#2 /home/163112.cloudwaysapps.com/tugqfbgzba/public_html/wp-content/plugins/all-in-one-seo-pack/app/Common/Views/main/meta.php(11): AIOSEO\Plugin\Common\Meta\Robots->meta()
#3 /home/163112.cloudwaysapps.com/tugqfbgzba/public_html/wp-content/plugins/all-in-one-seo-pack/app/Common/Main/Head.php(161): require_once('/home/163112.cl...')
#4 /home/163112.cloudwaysapps.com/tugqfbgzba/public_html/wp-content/plugins/all-in-one-seo-pack/app/Common/Main/Head.php(90): AIOSEO\Plugin\Common in /home/163112.cloudwaysapps.com/tugqfbgzba/public_html/wp-content/plugins/all-in-one-seo-pack/app/Common/Meta/Robots.php on line 194

2021-01-05T05:20:19+00:00 CRITICAL Uncaught Error: Call to a member function all() on null in /home/163112.cloudwaysapps.com/tugqfbgzba/public_html/wp-content/plugins/all-in-one-seo-pack/app/Common/Meta/Robots.php:194
Stack trace:
#0 /home/163112.cloudwaysapps.com/tugqfbgzba/public_html/wp-content/plugins/all-in-one-seo-pack/app/Common/Meta/Robots.php(133): AIOSEO\Plugin\Common\Meta\Robots->globalValues()
#1 /home/163112.cloudwaysapps.com/tugqfbgzba/public_html/wp-content/plugins/all-in-one-seo-pack/app/Common/Meta/Robots.php(56): AIOSEO\Plugin\Common\Meta\Robots->post()
#2 /home/163112.cloudwaysapps.com/tugqfbgzba/public_html/wp-content/plugins/all-in-one-seo-pack/app/Common/Views/main/meta.php(11): AIOSEO\Plugin\Common\Meta\Robots->meta()
#3 /home/163112.cloudwaysapps.com/tugqfbgzba/public_html/wp-content/plugins/all-in-one-seo-pack/app/Common/Main/Head.php(161): require_once('/home/163112.cl...')
#4 /home/163112.cloudwaysapps.com/tugqfbgzba/public_html/wp-content/plugins/all-in-one-seo-pack/app/Common/Main/Head.php(90): AIOSEO\Plugin\Common in /home/163112.cloudwaysapps.com/tugqfbgzba/public_html/wp-content/plugins/all-in-one-seo-pack/app/Common/Meta/Robots.php on line 194

2021-01-05T05:29:08+00:00 CRITICAL Uncaught Error: Call to a member function all() on null in /home/163112.cloudwaysapps.com/tugqfbgzba/public_html/wp-content/plugins/all-in-one-seo-pack/app/Common/Meta/Robots.php:194
Stack trace:
#0 /home/163112.cloudwaysapps.com/tugqfbgzba/public_html/wp-content/plugins/all-in-one-seo-pack/app/Common/Meta/Robots.php(133): AIOSEO\Plugin\Common\Meta\Robots->globalValues()
#1 /home/163112.cloudwaysapps.com/tugqfbgzba/public_html/wp-content/plugins/all-in-one-seo-pack/app/Common/Meta/Robots.php(56): AIOSEO\Plugin\Common\Meta\Robots->post()
#2 /home/163112.cloudwaysapps.com/tugqfbgzba/public_html/wp-content/plugins/all-in-one-seo-pack/app/Common/Views/main/meta.php(11): AIOSEO\Plugin\Common\Meta\Robots->meta()
#3 /home/163112.cloudwaysapps.com/tugqfbgzba/public_html/wp-content/plugins/all-in-one-seo-pack/app/Common/Main/Head.php(161): require_once('/home/163112.cl...')
#4 /home/163112.cloudwaysapps.com/tugqfbgzba/public_html/wp-content/plugins/all-in-one-seo-pack/app/Common/Main/Head.php(90): AIOSEO\Plugin\Common in /home/163112.cloudwaysapps.com/tugqfbgzba/public_html/wp-content/plugins/all-in-one-seo-pack/app/Common/Meta/Robots.php on line 194

2021-01-05T05:29:15+00:00 CRITICAL Uncaught Error: Call to a member function all() on null in /home/163112.cloudwaysapps.com/tugqfbgzba/public_html/wp-content/plugins/all-in-one-seo-pack/app/Common/Meta/Robots.php:194
Stack trace:
#0 /home/163112.cloudwaysapps.com/tugqfbgzba/public_html/wp-content/plugins/all-in-one-seo-pack/app/Common/Meta/Robots.php(133): AIOSEO\Plugin\Common\Meta\Robots->globalValues()
#1 /home/163112.cloudwaysapps.com/tugqfbgzba/public_html/wp-content/plugins/all-in-one-seo-pack/app/Common/Meta/Robots.php(56): AIOSEO\Plugin\Common\Meta\Robots->post()
#2 /home/163112.cloudwaysapps.com/tugqfbgzba/public_html/wp-content/plugins/all-in-one-seo-pack/app/Common/Views/main/meta.php(11): AIOSEO\Plugin\Common\Meta\Robots->meta()
#3 /home/163112.cloudwaysapps.com/tugqfbgzba/public_html/wp-content/plugins/all-in-one-seo-pack/app/Common/Main/Head.php(161): require_once('/home/163112.cl...')
#4 /home/163112.cloudwaysapps.com/tugqfbgzba/public_html/wp-content/plugins/all-in-one-seo-pack/app/Common/Main/Head.php(90): AIOSEO\Plugin\Common in /home/163112.cloudwaysapps.com/tugqfbgzba/public_html/wp-content/plugins/all-in-one-seo-pack/app/Common/Meta/Robots.php on line 194

2021-01-05T05:29:32+00:00 CRITICAL Uncaught Error: Call to a member function all() on null in /home/163112.cloudwaysapps.com/tugqfbgzba/public_html/wp-content/plugins/all-in-one-seo-pack/app/Common/Meta/Robots.php:194
Stack trace:
#0 /home/163112.cloudwaysapps.com/tugqfbgzba/public_html/wp-content/plugins/all-in-one-seo-pack/app/Common/Meta/Robots.php(133): AIOSEO\Plugin\Common\Meta\Robots->globalValues()
#1 /home/163112.cloudwaysapps.com/tugqfbgzba/public_html/wp-content/plugins/all-in-one-seo-pack/app/Common/Meta/Robots.php(56): AIOSEO\Plugin\Common\Meta\Robots->post()
#2 /home/163112.cloudwaysapps.com/tugqfbgzba/public_html/wp-content/plugins/all-in-one-seo-pack/app/Common/Views/main/meta.php(11): AIOSEO\Plugin\Common\Meta\Robots->meta()
#3 /home/163112.cloudwaysapps.com/tugqfbgzba/public_html/wp-content/plugins/all-in-one-seo-pack/app/Common/Main/Head.php(161): require_once('/home/163112.cl...')
#4 /home/163112.cloudwaysapps.com/tugqfbgzba/public_html/wp-content/plugins/all-in-one-seo-pack/app/Common/Main/Head.php(90): AIOSEO\Plugin\Common in /home/163112.cloudwaysapps.com/tugqfbgzba/public_html/wp-content/plugins/all-in-one-seo-pack/app/Common/Meta/Robots.php on line 194

2021-01-05T07:03:56+00:00 CRITICAL Uncaught Error: Call to a member function all() on null in /home/163112.cloudwaysapps.com/tugqfbgzba/public_html/wp-content/plugins/all-in-one-seo-pack/app/Common/Meta/Robots.php:194
Stack trace:
#0 /home/163112.cloudwaysapps.com/tugqfbgzba/public_html/wp-content/plugins/all-in-one-seo-pack/app/Common/Meta/Robots.php(133): AIOSEO\Plugin\Common\Meta\Robots->globalValues()
#1 /home/163112.cloudwaysapps.com/tugqfbgzba/public_html/wp-content/plugins/all-in-one-seo-pack/app/Common/Meta/Robots.php(56): AIOSEO\Plugin\Common\Meta\Robots->post()
#2 /home/163112.cloudwaysapps.com/tugqfbgzba/public_html/wp-content/plugins/all-in-one-seo-pack/app/Common/Views/main/meta.php(11): AIOSEO\Plugin\Common\Meta\Robots->meta()
#3 /home/163112.cloudwaysapps.com/tugqfbgzba/public_html/wp-content/plugins/all-in-one-seo-pack/app/Common/Main/Head.php(161): require_once('/home/163112.cl...')
#4 /home/163112.cloudwaysapps.com/tugqfbgzba/public_html/wp-content/plugins/all-in-one-seo-pack/app/Common/Main/Head.php(90): AIOSEO\Plugin\Common in /home/163112.cloudwaysapps.com/tugqfbgzba/public_html/wp-content/plugins/all-in-one-seo-pack/app/Common/Meta/Robots.php on line 194

2021-01-05T07:53:40+00:00 CRITICAL Uncaught Error: Call to a member function all() on null in /home/163112.cloudwaysapps.com/tugqfbgzba/public_html/wp-content/plugins/all-in-one-seo-pack/app/Common/Meta/Robots.php:194
Stack trace:
#0 /home/163112.cloudwaysapps.com/tugqfbgzba/public_html/wp-content/plugins/all-in-one-seo-pack/app/Common/Meta/Robots.php(133): AIOSEO\Plugin\Common\Meta\Robots->globalValues()
#1 /home/163112.cloudwaysapps.com/tugqfbgzba/public_html/wp-content/plugins/all-in-one-seo-pack/app/Common/Meta/Robots.php(56): AIOSEO\Plugin\Common\Meta\Robots->post()
#2 /home/163112.cloudwaysapps.com/tugqfbgzba/public_html/wp-content/plugins/all-in-one-seo-pack/app/Common/Views/main/meta.php(11): AIOSEO\Plugin\Common\Meta\Robots->meta()
#3 /home/163112.cloudwaysapps.com/tugqfbgzba/public_html/wp-content/plugins/all-in-one-seo-pack/app/Common/Main/Head.php(161): require_once('/home/163112.cl...')
#4 /home/163112.cloudwaysapps.com/tugqfbgzba/public_html/wp-content/plugins/all-in-one-seo-pack/app/Common/Main/Head.php(90): AIOSEO\Plugin\Common in /home/163112.cloudwaysapps.com/tugqfbgzba/public_html/wp-content/plugins/all-in-one-seo-pack/app/Common/Meta/Robots.php on line 194

2021-01-05T07:53:53+00:00 CRITICAL Uncaught Error: Call to a member function all() on null in /home/163112.cloudwaysapps.com/tugqfbgzba/public_html/wp-content/plugins/all-in-one-seo-pack/app/Common/Meta/Robots.php:194
Stack trace:
#0 /home/163112.cloudwaysapps.com/tugqfbgzba/public_html/wp-content/plugins/all-in-one-seo-pack/app/Common/Meta/Robots.php(133): AIOSEO\Plugin\Common\Meta\Robots->globalValues()
#1 /home/163112.cloudwaysapps.com/tugqfbgzba/public_html/wp-content/plugins/all-in-one-seo-pack/app/Common/Meta/Robots.php(56): AIOSEO\Plugin\Common\Meta\Robots->post()
#2 /home/163112.cloudwaysapps.com/tugqfbgzba/public_html/wp-content/plugins/all-in-one-seo-pack/app/Common/Views/main/meta.php(11): AIOSEO\Plugin\Common\Meta\Robots->meta()
#3 /home/163112.cloudwaysapps.com/tugqfbgzba/public_html/wp-content/plugins/all-in-one-seo-pack/app/Common/Main/Head.php(161): require_once('/home/163112.cl...')
#4 /home/163112.cloudwaysapps.com/tugqfbgzba/public_html/wp-content/plugins/all-in-one-seo-pack/app/Common/Main/Head.php(90): AIOSEO\Plugin\Common in /home/163112.cloudwaysapps.com/tugqfbgzba/public_html/wp-content/plugins/all-in-one-seo-pack/app/Common/Meta/Robots.php on line 194

2021-01-05T10:35:22+00:00 CRITICAL Uncaught Error: Call to a member function all() on null in /home/163112.cloudwaysapps.com/tugqfbgzba/public_html/wp-content/plugins/all-in-one-seo-pack/app/Common/Meta/Robots.php:194
Stack trace:
#0 /home/163112.cloudwaysapps.com/tugqfbgzba/public_html/wp-content/plugins/all-in-one-seo-pack/app/Common/Meta/Robots.php(133): AIOSEO\Plugin\Common\Meta\Robots->globalValues()
#1 /home/163112.cloudwaysapps.com/tugqfbgzba/public_html/wp-content/plugins/all-in-one-seo-pack/app/Common/Meta/Robots.php(56): AIOSEO\Plugin\Common\Meta\Robots->post()
#2 /home/163112.cloudwaysapps.com/tugqfbgzba/public_html/wp-content/plugins/all-in-one-seo-pack/app/Common/Views/main/meta.php(11): AIOSEO\Plugin\Common\Meta\Robots->meta()
#3 /home/163112.cloudwaysapps.com/tugqfbgzba/public_html/wp-content/plugins/all-in-one-seo-pack/app/Common/Main/Head.php(161): require_once('/home/163112.cl...')
#4 /home/163112.cloudwaysapps.com/tugqfbgzba/public_html/wp-content/plugins/all-in-one-seo-pack/app/Common/Main/Head.php(90): AIOSEO\Plugin\Common in /home/163112.cloudwaysapps.com/tugqfbgzba/public_html/wp-content/plugins/all-in-one-seo-pack/app/Common/Meta/Robots.php on line 194

2021-01-05T12:26:24+00:00 CRITICAL Uncaught Error: Call to a member function all() on null in /home/163112.cloudwaysapps.com/tugqfbgzba/public_html/wp-content/plugins/all-in-one-seo-pack/app/Common/Meta/Robots.php:194
Stack trace:
#0 /home/163112.cloudwaysapps.com/tugqfbgzba/public_html/wp-content/plugins/all-in-one-seo-pack/app/Common/Meta/Robots.php(133): AIOSEO\Plugin\Common\Meta\Robots->globalValues()
#1 /home/163112.cloudwaysapps.com/tugqfbgzba/public_html/wp-content/plugins/all-in-one-seo-pack/app/Common/Meta/Robots.php(56): AIOSEO\Plugin\Common\Meta\Robots->post()
#2 /home/163112.cloudwaysapps.com/tugqfbgzba/public_html/wp-content/plugins/all-in-one-seo-pack/app/Common/Views/main/meta.php(11): AIOSEO\Plugin\Common\Meta\Robots->meta()
#3 /home/163112.cloudwaysapps.com/tugqfbgzba/public_html/wp-content/plugins/all-in-one-seo-pack/app/Common/Main/Head.php(161): require_once('/home/163112.cl...')
#4 /home/163112.cloudwaysapps.com/tugqfbgzba/public_html/wp-content/plugins/all-in-one-seo-pack/app/Common/Main/Head.php(90): AIOSEO\Plugin\Common in /home/163112.cloudwaysapps.com/tugqfbgzba/public_html/wp-content/plugins/all-in-one-seo-pack/app/Common/Meta/Robots.php on line 194

2021-01-05T12:26:48+00:00 CRITICAL Uncaught Error: Call to a member function all() on null in /home/163112.cloudwaysapps.com/tugqfbgzba/public_html/wp-content/plugins/all-in-one-seo-pack/app/Common/Meta/Robots.php:194
Stack trace:
#0 /home/163112.cloudwaysapps.com/tugqfbgzba/public_html/wp-content/plugins/all-in-one-seo-pack/app/Common/Meta/Robots.php(133): AIOSEO\Plugin\Common\Meta\Robots->globalValues()
#1 /home/163112.cloudwaysapps.com/tugqfbgzba/public_html/wp-content/plugins/all-in-one-seo-pack/app/Common/Meta/Robots.php(56): AIOSEO\Plugin\Common\Meta\Robots->post()
#2 /home/163112.cloudwaysapps.com/tugqfbgzba/public_html/wp-content/plugins/all-in-one-seo-pack/app/Common/Views/main/meta.php(11): AIOSEO\Plugin\Common\Meta\Robots->meta()
#3 /home/163112.cloudwaysapps.com/tugqfbgzba/public_html/wp-content/plugins/all-in-one-seo-pack/app/Common/Main/Head.php(161): require_once('/home/163112.cl...')
#4 /home/163112.cloudwaysapps.com/tugqfbgzba/public_html/wp-content/plugins/all-in-one-seo-pack/app/Common/Main/Head.php(90): AIOSEO\Plugin\Common in /home/163112.cloudwaysapps.com/tugqfbgzba/public_html/wp-content/plugins/all-in-one-seo-pack/app/Common/Meta/Robots.php on line 194

2021-01-05T12:27:11+00:00 CRITICAL Uncaught Error: Call to a member function all() on null in /home/163112.cloudwaysapps.com/tugqfbgzba/public_html/wp-content/plugins/all-in-one-seo-pack/app/Common/Meta/Robots.php:194
Stack trace:
#0 /home/163112.cloudwaysapps.com/tugqfbgzba/public_html/wp-content/plugins/all-in-one-seo-pack/app/Common/Meta/Robots.php(133): AIOSEO\Plugin\Common\Meta\Robots->globalValues()
#1 /home/163112.cloudwaysapps.com/tugqfbgzba/public_html/wp-content/plugins/all-in-one-seo-pack/app/Common/Meta/Robots.php(56): AIOSEO\Plugin\Common\Meta\Robots->post()
#2 /home/163112.cloudwaysapps.com/tugqfbgzba/public_html/wp-content/plugins/all-in-one-seo-pack/app/Common/Views/main/meta.php(11): AIOSEO\Plugin\Common\Meta\Robots->meta()
#3 /home/163112.cloudwaysapps.com/tugqfbgzba/public_html/wp-content/plugins/all-in-one-seo-pack/app/Common/Main/Head.php(161): require_once('/home/163112.cl...')
#4 /home/163112.cloudwaysapps.com/tugqfbgzba/public_html/wp-content/plugins/all-in-one-seo-pack/app/Common/Main/Head.php(90): AIOSEO\Plugin\Common in /home/163112.cloudwaysapps.com/tugqfbgzba/public_html/wp-content/plugins/all-in-one-seo-pack/app/Common/Meta/Robots.php on line 194

2021-01-05T12:28:29+00:00 CRITICAL Uncaught Error: Call to a member function all() on null in /home/163112.cloudwaysapps.com/tugqfbgzba/public_html/wp-content/plugins/all-in-one-seo-pack/app/Common/Meta/Robots.php:194
Stack trace:
#0 /home/163112.cloudwaysapps.com/tugqfbgzba/public_html/wp-content/plugins/all-in-one-seo-pack/app/Common/Meta/Robots.php(133): AIOSEO\Plugin\Common\Meta\Robots->globalValues()
#1 /home/163112.cloudwaysapps.com/tugqfbgzba/public_html/wp-content/plugins/all-in-one-seo-pack/app/Common/Meta/Robots.php(56): AIOSEO\Plugin\Common\Meta\Robots->post()
#2 /home/163112.cloudwaysapps.com/tugqfbgzba/public_html/wp-content/plugins/all-in-one-seo-pack/app/Common/Views/main/meta.php(11): AIOSEO\Plugin\Common\Meta\Robots->meta()
#3 /home/163112.cloudwaysapps.com/tugqfbgzba/public_html/wp-content/plugins/all-in-one-seo-pack/app/Common/Main/Head.php(161): require_once('/home/163112.cl...')
#4 /home/163112.cloudwaysapps.com/tugqfbgzba/public_html/wp-content/plugins/all-in-one-seo-pack/app/Common/Main/Head.php(90): AIOSEO\Plugin\Common in /home/163112.cloudwaysapps.com/tugqfbgzba/public_html/wp-content/plugins/all-in-one-seo-pack/app/Common/Meta/Robots.php on line 194

2021-01-05T12:30:24+00:00 CRITICAL Uncaught Error: Call to a member function all() on null in /home/163112.cloudwaysapps.com/tugqfbgzba/public_html/wp-content/plugins/all-in-one-seo-pack/app/Common/Meta/Robots.php:194
Stack trace:
#0 /home/163112.cloudwaysapps.com/tugqfbgzba/public_html/wp-content/plugins/all-in-one-seo-pack/app/Common/Meta/Robots.php(133): AIOSEO\Plugin\Common\Meta\Robots->globalValues()
#1 /home/163112.cloudwaysapps.com/tugqfbgzba/public_html/wp-content/plugins/all-in-one-seo-pack/app/Common/Meta/Robots.php(56): AIOSEO\Plugin\Common\Meta\Robots->post()
#2 /home/163112.cloudwaysapps.com/tugqfbgzba/public_html/wp-content/plugins/all-in-one-seo-pack/app/Common/Views/main/meta.php(11): AIOSEO\Plugin\Common\Meta\Robots->meta()
#3 /home/163112.cloudwaysapps.com/tugqfbgzba/public_html/wp-content/plugins/all-in-one-seo-pack/app/Common/Main/Head.php(161): require_once('/home/163112.cl...')
#4 /home/163112.cloudwaysapps.com/tugqfbgzba/public_html/wp-content/plugins/all-in-one-seo-pack/app/Common/Main/Head.php(90): AIOSEO\Plugin\Common in /home/163112.cloudwaysapps.com/tugqfbgzba/public_html/wp-content/plugins/all-in-one-seo-pack/app/Common/Meta/Robots.php on line 194

2021-01-05T12:34:56+00:00 CRITICAL Uncaught Error: Call to a member function all() on null in /home/163112.cloudwaysapps.com/tugqfbgzba/public_html/wp-content/plugins/all-in-one-seo-pack/app/Common/Meta/Robots.php:194
Stack trace:
#0 /home/163112.cloudwaysapps.com/tugqfbgzba/public_html/wp-content/plugins/all-in-one-seo-pack/app/Common/Meta/Robots.php(133): AIOSEO\Plugin\Common\Meta\Robots->globalValues()
#1 /home/163112.cloudwaysapps.com/tugqfbgzba/public_html/wp-content/plugins/all-in-one-seo-pack/app/Common/Meta/Robots.php(56): AIOSEO\Plugin\Common\Meta\Robots->post()
#2 /home/163112.cloudwaysapps.com/tugqfbgzba/public_html/wp-content/plugins/all-in-one-seo-pack/app/Common/Views/main/meta.php(11): AIOSEO\Plugin\Common\Meta\Robots->meta()
#3 /home/163112.cloudwaysapps.com/tugqfbgzba/public_html/wp-content/plugins/all-in-one-seo-pack/app/Common/Main/Head.php(161): require_once('/home/163112.cl...')
#4 /home/163112.cloudwaysapps.com/tugqfbgzba/public_html/wp-content/plugins/all-in-one-seo-pack/app/Common/Main/Head.php(90): AIOSEO\Plugin\Common in /home/163112.cloudwaysapps.com/tugqfbgzba/public_html/wp-content/plugins/all-in-one-seo-pack/app/Common/Meta/Robots.php on line 194

2021-01-05T13:27:44+00:00 CRITICAL Uncaught Error: Call to a member function all() on null in /home/163112.cloudwaysapps.com/tugqfbgzba/public_html/wp-content/plugins/all-in-one-seo-pack/app/Common/Meta/Robots.php:194
Stack trace:
#0 /home/163112.cloudwaysapps.com/tugqfbgzba/public_html/wp-content/plugins/all-in-one-seo-pack/app/Common/Meta/Robots.php(133): AIOSEO\Plugin\Common\Meta\Robots->globalValues()
#1 /home/163112.cloudwaysapps.com/tugqfbgzba/public_html/wp-content/plugins/all-in-one-seo-pack/app/Common/Meta/Robots.php(56): AIOSEO\Plugin\Common\Meta\Robots->post()
#2 /home/163112.cloudwaysapps.com/tugqfbgzba/public_html/wp-content/plugins/all-in-one-seo-pack/app/Common/Views/main/meta.php(11): AIOSEO\Plugin\Common\Meta\Robots->meta()
#3 /home/163112.cloudwaysapps.com/tugqfbgzba/public_html/wp-content/plugins/all-in-one-seo-pack/app/Common/Main/Head.php(161): require_once('/home/163112.cl...')
#4 /home/163112.cloudwaysapps.com/tugqfbgzba/public_html/wp-content/plugins/all-in-one-seo-pack/app/Common/Main/Head.php(90): AIOSEO\Plugin\Common in /home/163112.cloudwaysapps.com/tugqfbgzba/public_html/wp-content/plugins/all-in-one-seo-pack/app/Common/Meta/Robots.php on line 194

2021-01-05T13:36:19+00:00 CRITICAL Uncaught Error: Call to a member function all() on null in /home/163112.cloudwaysapps.com/tugqfbgzba/public_html/wp-content/plugins/all-in-one-seo-pack/app/Common/Meta/Robots.php:194
Stack trace:
#0 /home/163112.cloudwaysapps.com/tugqfbgzba/public_html/wp-content/plugins/all-in-one-seo-pack/app/Common/Meta/Robots.php(133): AIOSEO\Plugin\Common\Meta\Robots->globalValues()
#1 /home/163112.cloudwaysapps.com/tugqfbgzba/public_html/wp-content/plugins/all-in-one-seo-pack/app/Common/Meta/Robots.php(56): AIOSEO\Plugin\Common\Meta\Robots->post()
#2 /home/163112.cloudwaysapps.com/tugqfbgzba/public_html/wp-content/plugins/all-in-one-seo-pack/app/Common/Views/main/meta.php(11): AIOSEO\Plugin\Common\Meta\Robots->meta()
#3 /home/163112.cloudwaysapps.com/tugqfbgzba/public_html/wp-content/plugins/all-in-one-seo-pack/app/Common/Main/Head.php(161): require_once('/home/163112.cl...')
#4 /home/163112.cloudwaysapps.com/tugqfbgzba/public_html/wp-content/plugins/all-in-one-seo-pack/app/Common/Main/Head.php(90): AIOSEO\Plugin\Common in /home/163112.cloudwaysapps.com/tugqfbgzba/public_html/wp-content/plugins/all-in-one-seo-pack/app/Common/Meta/Robots.php on line 194

2021-01-05T13:36:26+00:00 CRITICAL Uncaught Error: Call to a member function all() on null in /home/163112.cloudwaysapps.com/tugqfbgzba/public_html/wp-content/plugins/all-in-one-seo-pack/app/Common/Meta/Robots.php:194
Stack trace:
#0 /home/163112.cloudwaysapps.com/tugqfbgzba/public_html/wp-content/plugins/all-in-one-seo-pack/app/Common/Meta/Robots.php(133): AIOSEO\Plugin\Common\Meta\Robots->globalValues()
#1 /home/163112.cloudwaysapps.com/tugqfbgzba/public_html/wp-content/plugins/all-in-one-seo-pack/app/Common/Meta/Robots.php(56): AIOSEO\Plugin\Common\Meta\Robots->post()
#2 /home/163112.cloudwaysapps.com/tugqfbgzba/public_html/wp-content/plugins/all-in-one-seo-pack/app/Common/Views/main/meta.php(11): AIOSEO\Plugin\Common\Meta\Robots->meta()
#3 /home/163112.cloudwaysapps.com/tugqfbgzba/public_html/wp-content/plugins/all-in-one-seo-pack/app/Common/Main/Head.php(161): require_once('/home/163112.cl...')
#4 /home/163112.cloudwaysapps.com/tugqfbgzba/public_html/wp-content/plugins/all-in-one-seo-pack/app/Common/Main/Head.php(90): AIOSEO\Plugin\Common in /home/163112.cloudwaysapps.com/tugqfbgzba/public_html/wp-content/plugins/all-in-one-seo-pack/app/Common/Meta/Robots.php on line 194

2021-01-05T13:36:28+00:00 CRITICAL Uncaught Error: Call to a member function all() on null in /home/163112.cloudwaysapps.com/tugqfbgzba/public_html/wp-content/plugins/all-in-one-seo-pack/app/Common/Meta/Robots.php:194
Stack trace:
#0 /home/163112.cloudwaysapps.com/tugqfbgzba/public_html/wp-content/plugins/all-in-one-seo-pack/app/Common/Meta/Robots.php(133): AIOSEO\Plugin\Common\Meta\Robots->globalValues()
#1 /home/163112.cloudwaysapps.com/tugqfbgzba/public_html/wp-content/plugins/all-in-one-seo-pack/app/Common/Meta/Robots.php(56): AIOSEO\Plugin\Common\Meta\Robots->post()
#2 /home/163112.cloudwaysapps.com/tugqfbgzba/public_html/wp-content/plugins/all-in-one-seo-pack/app/Common/Views/main/meta.php(11): AIOSEO\Plugin\Common\Meta\Robots->meta()
#3 /home/163112.cloudwaysapps.com/tugqfbgzba/public_html/wp-content/plugins/all-in-one-seo-pack/app/Common/Main/Head.php(161): require_once('/home/163112.cl...')
#4 /home/163112.cloudwaysapps.com/tugqfbgzba/public_html/wp-content/plugins/all-in-one-seo-pack/app/Common/Main/Head.php(90): AIOSEO\Plugin\Common in /home/163112.cloudwaysapps.com/tugqfbgzba/public_html/wp-content/plugins/all-in-one-seo-pack/app/Common/Meta/Robots.php on line 194

2021-01-05T13:36:35+00:00 CRITICAL Uncaught Error: Call to a member function all() on null in /home/163112.cloudwaysapps.com/tugqfbgzba/public_html/wp-content/plugins/all-in-one-seo-pack/app/Common/Meta/Robots.php:194
Stack trace:
#0 /home/163112.cloudwaysapps.com/tugqfbgzba/public_html/wp-content/plugins/all-in-one-seo-pack/app/Common/Meta/Robots.php(133): AIOSEO\Plugin\Common\Meta\Robots->globalValues()
#1 /home/163112.cloudwaysapps.com/tugqfbgzba/public_html/wp-content/plugins/all-in-one-seo-pack/app/Common/Meta/Robots.php(56): AIOSEO\Plugin\Common\Meta\Robots->post()
#2 /home/163112.cloudwaysapps.com/tugqfbgzba/public_html/wp-content/plugins/all-in-one-seo-pack/app/Common/Views/main/meta.php(11): AIOSEO\Plugin\Common\Meta\Robots->meta()
#3 /home/163112.cloudwaysapps.com/tugqfbgzba/public_html/wp-content/plugins/all-in-one-seo-pack/app/Common/Main/Head.php(161): require_once('/home/163112.cl...')
#4 /home/163112.cloudwaysapps.com/tugqfbgzba/public_html/wp-content/plugins/all-in-one-seo-pack/app/Common/Main/Head.php(90): AIOSEO\Plugin\Common in /home/163112.cloudwaysapps.com/tugqfbgzba/public_html/wp-content/plugins/all-in-one-seo-pack/app/Common/Meta/Robots.php on line 194

2021-01-05T13:36:51+00:00 CRITICAL Uncaught Error: Call to a member function all() on null in /home/163112.cloudwaysapps.com/tugqfbgzba/public_html/wp-content/plugins/all-in-one-seo-pack/app/Common/Meta/Robots.php:194
Stack trace:
#0 /home/163112.cloudwaysapps.com/tugqfbgzba/public_html/wp-content/plugins/all-in-one-seo-pack/app/Common/Meta/Robots.php(133): AIOSEO\Plugin\Common\Meta\Robots->globalValues()
#1 /home/163112.cloudwaysapps.com/tugqfbgzba/public_html/wp-content/plugins/all-in-one-seo-pack/app/Common/Meta/Robots.php(56): AIOSEO\Plugin\Common\Meta\Robots->post()
#2 /home/163112.cloudwaysapps.com/tugqfbgzba/public_html/wp-content/plugins/all-in-one-seo-pack/app/Common/Views/main/meta.php(11): AIOSEO\Plugin\Common\Meta\Robots->meta()
#3 /home/163112.cloudwaysapps.com/tugqfbgzba/public_html/wp-content/plugins/all-in-one-seo-pack/app/Common/Main/Head.php(161): require_once('/home/163112.cl...')
#4 /home/163112.cloudwaysapps.com/tugqfbgzba/public_html/wp-content/plugins/all-in-one-seo-pack/app/Common/Main/Head.php(90): AIOSEO\Plugin\Common in /home/163112.cloudwaysapps.com/tugqfbgzba/public_html/wp-content/plugins/all-in-one-seo-pack/app/Common/Meta/Robots.php on line 194

2021-01-05T13:37:23+00:00 CRITICAL Uncaught Error: Call to a member function all() on null in /home/163112.cloudwaysapps.com/tugqfbgzba/public_html/wp-content/plugins/all-in-one-seo-pack/app/Common/Meta/Robots.php:194
Stack trace:
#0 /home/163112.cloudwaysapps.com/tugqfbgzba/public_html/wp-content/plugins/all-in-one-seo-pack/app/Common/Meta/Robots.php(133): AIOSEO\Plugin\Common\Meta\Robots->globalValues()
#1 /home/163112.cloudwaysapps.com/tugqfbgzba/public_html/wp-content/plugins/all-in-one-seo-pack/app/Common/Meta/Robots.php(56): AIOSEO\Plugin\Common\Meta\Robots->post()
#2 /home/163112.cloudwaysapps.com/tugqfbgzba/public_html/wp-content/plugins/all-in-one-seo-pack/app/Common/Views/main/meta.php(11): AIOSEO\Plugin\Common\Meta\Robots->meta()
#3 /home/163112.cloudwaysapps.com/tugqfbgzba/public_html/wp-content/plugins/all-in-one-seo-pack/app/Common/Main/Head.php(161): require_once('/home/163112.cl...')
#4 /home/163112.cloudwaysapps.com/tugqfbgzba/public_html/wp-content/plugins/all-in-one-seo-pack/app/Common/Main/Head.php(90): AIOSEO\Plugin\Common in /home/163112.cloudwaysapps.com/tugqfbgzba/public_html/wp-content/plugins/all-in-one-seo-pack/app/Common/Meta/Robots.php on line 194

2021-01-05T13:38:04+00:00 CRITICAL Uncaught Error: Call to a member function all() on null in /home/163112.cloudwaysapps.com/tugqfbgzba/public_html/wp-content/plugins/all-in-one-seo-pack/app/Common/Meta/Robots.php:194
Stack trace:
#0 /home/163112.cloudwaysapps.com/tugqfbgzba/public_html/wp-content/plugins/all-in-one-seo-pack/app/Common/Meta/Robots.php(133): AIOSEO\Plugin\Common\Meta\Robots->globalValues()
#1 /home/163112.cloudwaysapps.com/tugqfbgzba/public_html/wp-content/plugins/all-in-one-seo-pack/app/Common/Meta/Robots.php(56): AIOSEO\Plugin\Common\Meta\Robots->post()
#2 /home/163112.cloudwaysapps.com/tugqfbgzba/public_html/wp-content/plugins/all-in-one-seo-pack/app/Common/Views/main/meta.php(11): AIOSEO\Plugin\Common\Meta\Robots->meta()
#3 /home/163112.cloudwaysapps.com/tugqfbgzba/public_html/wp-content/plugins/all-in-one-seo-pack/app/Common/Main/Head.php(161): require_once('/home/163112.cl...')
#4 /home/163112.cloudwaysapps.com/tugqfbgzba/public_html/wp-content/plugins/all-in-one-seo-pack/app/Common/Main/Head.php(90): AIOSEO\Plugin\Common in /home/163112.cloudwaysapps.com/tugqfbgzba/public_html/wp-content/plugins/all-in-one-seo-pack/app/Common/Meta/Robots.php on line 194

2021-01-05T13:38:33+00:00 CRITICAL Uncaught Error: Call to a member function all() on null in /home/163112.cloudwaysapps.com/tugqfbgzba/public_html/wp-content/plugins/all-in-one-seo-pack/app/Common/Meta/Robots.php:194
Stack trace:
#0 /home/163112.cloudwaysapps.com/tugqfbgzba/public_html/wp-content/plugins/all-in-one-seo-pack/app/Common/Meta/Robots.php(133): AIOSEO\Plugin\Common\Meta\Robots->globalValues()
#1 /home/163112.cloudwaysapps.com/tugqfbgzba/public_html/wp-content/plugins/all-in-one-seo-pack/app/Common/Meta/Robots.php(56): AIOSEO\Plugin\Common\Meta\Robots->post()
#2 /home/163112.cloudwaysapps.com/tugqfbgzba/public_html/wp-content/plugins/all-in-one-seo-pack/app/Common/Views/main/meta.php(11): AIOSEO\Plugin\Common\Meta\Robots->meta()
#3 /home/163112.cloudwaysapps.com/tugqfbgzba/public_html/wp-content/plugins/all-in-one-seo-pack/app/Common/Main/Head.php(161): require_once('/home/163112.cl...')
#4 /home/163112.cloudwaysapps.com/tugqfbgzba/public_html/wp-content/plugins/all-in-one-seo-pack/app/Common/Main/Head.php(90): AIOSEO\Plugin\Common in /home/163112.cloudwaysapps.com/tugqfbgzba/public_html/wp-content/plugins/all-in-one-seo-pack/app/Common/Meta/Robots.php on line 194

2021-01-05T13:38:45+00:00 CRITICAL Uncaught Error: Call to a member function all() on null in /home/163112.cloudwaysapps.com/tugqfbgzba/public_html/wp-content/plugins/all-in-one-seo-pack/app/Common/Meta/Robots.php:194
Stack trace:
#0 /home/163112.cloudwaysapps.com/tugqfbgzba/public_html/wp-content/plugins/all-in-one-seo-pack/app/Common/Meta/Robots.php(133): AIOSEO\Plugin\Common\Meta\Robots->globalValues()
#1 /home/163112.cloudwaysapps.com/tugqfbgzba/public_html/wp-content/plugins/all-in-one-seo-pack/app/Common/Meta/Robots.php(56): AIOSEO\Plugin\Common\Meta\Robots->post()
#2 /home/163112.cloudwaysapps.com/tugqfbgzba/public_html/wp-content/plugins/all-in-one-seo-pack/app/Common/Views/main/meta.php(11): AIOSEO\Plugin\Common\Meta\Robots->meta()
#3 /home/163112.cloudwaysapps.com/tugqfbgzba/public_html/wp-content/plugins/all-in-one-seo-pack/app/Common/Main/Head.php(161): require_once('/home/163112.cl...')
#4 /home/163112.cloudwaysapps.com/tugqfbgzba/public_html/wp-content/plugins/all-in-one-seo-pack/app/Common/Main/Head.php(90): AIOSEO\Plugin\Common in /home/163112.cloudwaysapps.com/tugqfbgzba/public_html/wp-content/plugins/all-in-one-seo-pack/app/Common/Meta/Robots.php on line 194

2021-01-05T13:38:46+00:00 CRITICAL Uncaught Error: Call to a member function all() on null in /home/163112.cloudwaysapps.com/tugqfbgzba/public_html/wp-content/plugins/all-in-one-seo-pack/app/Common/Meta/Robots.php:194
Stack trace:
#0 /home/163112.cloudwaysapps.com/tugqfbgzba/public_html/wp-content/plugins/all-in-one-seo-pack/app/Common/Meta/Robots.php(133): AIOSEO\Plugin\Common\Meta\Robots->globalValues()
#1 /home/163112.cloudwaysapps.com/tugqfbgzba/public_html/wp-content/plugins/all-in-one-seo-pack/app/Common/Meta/Robots.php(56): AIOSEO\Plugin\Common\Meta\Robots->post()
#2 /home/163112.cloudwaysapps.com/tugqfbgzba/public_html/wp-content/plugins/all-in-one-seo-pack/app/Common/Views/main/meta.php(11): AIOSEO\Plugin\Common\Meta\Robots->meta()
#3 /home/163112.cloudwaysapps.com/tugqfbgzba/public_html/wp-content/plugins/all-in-one-seo-pack/app/Common/Main/Head.php(161): require_once('/home/163112.cl...')
#4 /home/163112.cloudwaysapps.com/tugqfbgzba/public_html/wp-content/plugins/all-in-one-seo-pack/app/Common/Main/Head.php(90): AIOSEO\Plugin\Common in /home/163112.cloudwaysapps.com/tugqfbgzba/public_html/wp-content/plugins/all-in-one-seo-pack/app/Common/Meta/Robots.php on line 194

2021-01-05T13:38:47+00:00 CRITICAL Uncaught Error: Call to a member function all() on null in /home/163112.cloudwaysapps.com/tugqfbgzba/public_html/wp-content/plugins/all-in-one-seo-pack/app/Common/Meta/Robots.php:194
Stack trace:
#0 /home/163112.cloudwaysapps.com/tugqfbgzba/public_html/wp-content/plugins/all-in-one-seo-pack/app/Common/Meta/Robots.php(133): AIOSEO\Plugin\Common\Meta\Robots->globalValues()
#1 /home/163112.cloudwaysapps.com/tugqfbgzba/public_html/wp-content/plugins/all-in-one-seo-pack/app/Common/Meta/Robots.php(56): AIOSEO\Plugin\Common\Meta\Robots->post()
#2 /home/163112.cloudwaysapps.com/tugqfbgzba/public_html/wp-content/plugins/all-in-one-seo-pack/app/Common/Views/main/meta.php(11): AIOSEO\Plugin\Common\Meta\Robots->meta()
#3 /home/163112.cloudwaysapps.com/tugqfbgzba/public_html/wp-content/plugins/all-in-one-seo-pack/app/Common/Main/Head.php(161): require_once('/home/163112.cl...')
#4 /home/163112.cloudwaysapps.com/tugqfbgzba/public_html/wp-content/plugins/all-in-one-seo-pack/app/Common/Main/Head.php(90): AIOSEO\Plugin\Common in /home/163112.cloudwaysapps.com/tugqfbgzba/public_html/wp-content/plugins/all-in-one-seo-pack/app/Common/Meta/Robots.php on line 194

2021-01-05T13:38:47+00:00 CRITICAL Uncaught Error: Call to a member function all() on null in /home/163112.cloudwaysapps.com/tugqfbgzba/public_html/wp-content/plugins/all-in-one-seo-pack/app/Common/Meta/Robots.php:194
Stack trace:
#0 /home/163112.cloudwaysapps.com/tugqfbgzba/public_html/wp-content/plugins/all-in-one-seo-pack/app/Common/Meta/Robots.php(133): AIOSEO\Plugin\Common\Meta\Robots->globalValues()
#1 /home/163112.cloudwaysapps.com/tugqfbgzba/public_html/wp-content/plugins/all-in-one-seo-pack/app/Common/Meta/Robots.php(56): AIOSEO\Plugin\Common\Meta\Robots->post()
#2 /home/163112.cloudwaysapps.com/tugqfbgzba/public_html/wp-content/plugins/all-in-one-seo-pack/app/Common/Views/main/meta.php(11): AIOSEO\Plugin\Common\Meta\Robots->meta()
#3 /home/163112.cloudwaysapps.com/tugqfbgzba/public_html/wp-content/plugins/all-in-one-seo-pack/app/Common/Main/Head.php(161): require_once('/home/163112.cl...')
#4 /home/163112.cloudwaysapps.com/tugqfbgzba/public_html/wp-content/plugins/all-in-one-seo-pack/app/Common/Main/Head.php(90): AIOSEO\Plugin\Common in /home/163112.cloudwaysapps.com/tugqfbgzba/public_html/wp-content/plugins/all-in-one-seo-pack/app/Common/Meta/Robots.php on line 194

2021-01-05T13:38:47+00:00 CRITICAL Uncaught Error: Call to a member function all() on null in /home/163112.cloudwaysapps.com/tugqfbgzba/public_html/wp-content/plugins/all-in-one-seo-pack/app/Common/Meta/Robots.php:194
Stack trace:
#0 /home/163112.cloudwaysapps.com/tugqfbgzba/public_html/wp-content/plugins/all-in-one-seo-pack/app/Common/Meta/Robots.php(133): AIOSEO\Plugin\Common\Meta\Robots->globalValues()
#1 /home/163112.cloudwaysapps.com/tugqfbgzba/public_html/wp-content/plugins/all-in-one-seo-pack/app/Common/Meta/Robots.php(56): AIOSEO\Plugin\Common\Meta\Robots->post()
#2 /home/163112.cloudwaysapps.com/tugqfbgzba/public_html/wp-content/plugins/all-in-one-seo-pack/app/Common/Views/main/meta.php(11): AIOSEO\Plugin\Common\Meta\Robots->meta()
#3 /home/163112.cloudwaysapps.com/tugqfbgzba/public_html/wp-content/plugins/all-in-one-seo-pack/app/Common/Main/Head.php(161): require_once('/home/163112.cl...')
#4 /home/163112.cloudwaysapps.com/tugqfbgzba/public_html/wp-content/plugins/all-in-one-seo-pack/app/Common/Main/Head.php(90): AIOSEO\Plugin\Common in /home/163112.cloudwaysapps.com/tugqfbgzba/public_html/wp-content/plugins/all-in-one-seo-pack/app/Common/Meta/Robots.php on line 194

2021-01-05T13:38:47+00:00 CRITICAL Uncaught Error: Call to a member function all() on null in /home/163112.cloudwaysapps.com/tugqfbgzba/public_html/wp-content/plugins/all-in-one-seo-pack/app/Common/Meta/Robots.php:194
Stack trace:
#0 /home/163112.cloudwaysapps.com/tugqfbgzba/public_html/wp-content/plugins/all-in-one-seo-pack/app/Common/Meta/Robots.php(133): AIOSEO\Plugin\Common\Meta\Robots->globalValues()
#1 /home/163112.cloudwaysapps.com/tugqfbgzba/public_html/wp-content/plugins/all-in-one-seo-pack/app/Common/Meta/Robots.php(56): AIOSEO\Plugin\Common\Meta\Robots->post()
#2 /home/163112.cloudwaysapps.com/tugqfbgzba/public_html/wp-content/plugins/all-in-one-seo-pack/app/Common/Views/main/meta.php(11): AIOSEO\Plugin\Common\Meta\Robots->meta()
#3 /home/163112.cloudwaysapps.com/tugqfbgzba/public_html/wp-content/plugins/all-in-one-seo-pack/app/Common/Main/Head.php(161): require_once('/home/163112.cl...')
#4 /home/163112.cloudwaysapps.com/tugqfbgzba/public_html/wp-content/plugins/all-in-one-seo-pack/app/Common/Main/Head.php(90): AIOSEO\Plugin\Common in /home/163112.cloudwaysapps.com/tugqfbgzba/public_html/wp-content/plugins/all-in-one-seo-pack/app/Common/Meta/Robots.php on line 194

2021-01-05T13:38:47+00:00 CRITICAL Uncaught Error: Call to a member function all() on null in /home/163112.cloudwaysapps.com/tugqfbgzba/public_html/wp-content/plugins/all-in-one-seo-pack/app/Common/Meta/Robots.php:194
Stack trace:
#0 /home/163112.cloudwaysapps.com/tugqfbgzba/public_html/wp-content/plugins/all-in-one-seo-pack/app/Common/Meta/Robots.php(133): AIOSEO\Plugin\Common\Meta\Robots->globalValues()
#1 /home/163112.cloudwaysapps.com/tugqfbgzba/public_html/wp-content/plugins/all-in-one-seo-pack/app/Common/Meta/Robots.php(56): AIOSEO\Plugin\Common\Meta\Robots->post()
#2 /home/163112.cloudwaysapps.com/tugqfbgzba/public_html/wp-content/plugins/all-in-one-seo-pack/app/Common/Views/main/meta.php(11): AIOSEO\Plugin\Common\Meta\Robots->meta()
#3 /home/163112.cloudwaysapps.com/tugqfbgzba/public_html/wp-content/plugins/all-in-one-seo-pack/app/Common/Main/Head.php(161): require_once('/home/163112.cl...')
#4 /home/163112.cloudwaysapps.com/tugqfbgzba/public_html/wp-content/plugins/all-in-one-seo-pack/app/Common/Main/Head.php(90): AIOSEO\Plugin\Common in /home/163112.cloudwaysapps.com/tugqfbgzba/public_html/wp-content/plugins/all-in-one-seo-pack/app/Common/Meta/Robots.php on line 194

2021-01-05T13:38:48+00:00 CRITICAL Uncaught Error: Call to a member function all() on null in /home/163112.cloudwaysapps.com/tugqfbgzba/public_html/wp-content/plugins/all-in-one-seo-pack/app/Common/Meta/Robots.php:194
Stack trace:
#0 /home/163112.cloudwaysapps.com/tugqfbgzba/public_html/wp-content/plugins/all-in-one-seo-pack/app/Common/Meta/Robots.php(133): AIOSEO\Plugin\Common\Meta\Robots->globalValues()
#1 /home/163112.cloudwaysapps.com/tugqfbgzba/public_html/wp-content/plugins/all-in-one-seo-pack/app/Common/Meta/Robots.php(56): AIOSEO\Plugin\Common\Meta\Robots->post()
#2 /home/163112.cloudwaysapps.com/tugqfbgzba/public_html/wp-content/plugins/all-in-one-seo-pack/app/Common/Views/main/meta.php(11): AIOSEO\Plugin\Common\Meta\Robots->meta()
#3 /home/163112.cloudwaysapps.com/tugqfbgzba/public_html/wp-content/plugins/all-in-one-seo-pack/app/Common/Main/Head.php(161): require_once('/home/163112.cl...')
#4 /home/163112.cloudwaysapps.com/tugqfbgzba/public_html/wp-content/plugins/all-in-one-seo-pack/app/Common/Main/Head.php(90): AIOSEO\Plugin\Common in /home/163112.cloudwaysapps.com/tugqfbgzba/public_html/wp-content/plugins/all-in-one-seo-pack/app/Common/Meta/Robots.php on line 194

2021-01-05T13:38:49+00:00 CRITICAL Uncaught Error: Call to a member function all() on null in /home/163112.cloudwaysapps.com/tugqfbgzba/public_html/wp-content/plugins/all-in-one-seo-pack/app/Common/Meta/Robots.php:194
Stack trace:
#0 /home/163112.cloudwaysapps.com/tugqfbgzba/public_html/wp-content/plugins/all-in-one-seo-pack/app/Common/Meta/Robots.php(133): AIOSEO\Plugin\Common\Meta\Robots->globalValues()
#1 /home/163112.cloudwaysapps.com/tugqfbgzba/public_html/wp-content/plugins/all-in-one-seo-pack/app/Common/Meta/Robots.php(56): AIOSEO\Plugin\Common\Meta\Robots->post()
#2 /home/163112.cloudwaysapps.com/tugqfbgzba/public_html/wp-content/plugins/all-in-one-seo-pack/app/Common/Views/main/meta.php(11): AIOSEO\Plugin\Common\Meta\Robots->meta()
#3 /home/163112.cloudwaysapps.com/tugqfbgzba/public_html/wp-content/plugins/all-in-one-seo-pack/app/Common/Main/Head.php(161): require_once('/home/163112.cl...')
#4 /home/163112.cloudwaysapps.com/tugqfbgzba/public_html/wp-content/plugins/all-in-one-seo-pack/app/Common/Main/Head.php(90): AIOSEO\Plugin\Common in /home/163112.cloudwaysapps.com/tugqfbgzba/public_html/wp-content/plugins/all-in-one-seo-pack/app/Common/Meta/Robots.php on line 194

2021-01-05T13:38:49+00:00 CRITICAL Uncaught Error: Call to a member function all() on null in /home/163112.cloudwaysapps.com/tugqfbgzba/public_html/wp-content/plugins/all-in-one-seo-pack/app/Common/Meta/Robots.php:194
Stack trace:
#0 /home/163112.cloudwaysapps.com/tugqfbgzba/public_html/wp-content/plugins/all-in-one-seo-pack/app/Common/Meta/Robots.php(133): AIOSEO\Plugin\Common\Meta\Robots->globalValues()
#1 /home/163112.cloudwaysapps.com/tugqfbgzba/public_html/wp-content/plugins/all-in-one-seo-pack/app/Common/Meta/Robots.php(56): AIOSEO\Plugin\Common\Meta\Robots->post()
#2 /home/163112.cloudwaysapps.com/tugqfbgzba/public_html/wp-content/plugins/all-in-one-seo-pack/app/Common/Views/main/meta.php(11): AIOSEO\Plugin\Common\Meta\Robots->meta()
#3 /home/163112.cloudwaysapps.com/tugqfbgzba/public_html/wp-content/plugins/all-in-one-seo-pack/app/Common/Main/Head.php(161): require_once('/home/163112.cl...')
#4 /home/163112.cloudwaysapps.com/tugqfbgzba/public_html/wp-content/plugins/all-in-one-seo-pack/app/Common/Main/Head.php(90): AIOSEO\Plugin\Common in /home/163112.cloudwaysapps.com/tugqfbgzba/public_html/wp-content/plugins/all-in-one-seo-pack/app/Common/Meta/Robots.php on line 194

2021-01-05T13:38:49+00:00 CRITICAL Uncaught Error: Call to a member function all() on null in /home/163112.cloudwaysapps.com/tugqfbgzba/public_html/wp-content/plugins/all-in-one-seo-pack/app/Common/Meta/Robots.php:194
Stack trace:
#0 /home/163112.cloudwaysapps.com/tugqfbgzba/public_html/wp-content/plugins/all-in-one-seo-pack/app/Common/Meta/Robots.php(133): AIOSEO\Plugin\Common\Meta\Robots->globalValues()
#1 /home/163112.cloudwaysapps.com/tugqfbgzba/public_html/wp-content/plugins/all-in-one-seo-pack/app/Common/Meta/Robots.php(56): AIOSEO\Plugin\Common\Meta\Robots->post()
#2 /home/163112.cloudwaysapps.com/tugqfbgzba/public_html/wp-content/plugins/all-in-one-seo-pack/app/Common/Views/main/meta.php(11): AIOSEO\Plugin\Common\Meta\Robots->meta()
#3 /home/163112.cloudwaysapps.com/tugqfbgzba/public_html/wp-content/plugins/all-in-one-seo-pack/app/Common/Main/Head.php(161): require_once('/home/163112.cl...')
#4 /home/163112.cloudwaysapps.com/tugqfbgzba/public_html/wp-content/plugins/all-in-one-seo-pack/app/Common/Main/Head.php(90): AIOSEO\Plugin\Common in /home/163112.cloudwaysapps.com/tugqfbgzba/public_html/wp-content/plugins/all-in-one-seo-pack/app/Common/Meta/Robots.php on line 194

2021-01-05T13:38:57+00:00 CRITICAL Uncaught Error: Call to a member function all() on null in /home/163112.cloudwaysapps.com/tugqfbgzba/public_html/wp-content/plugins/all-in-one-seo-pack/app/Common/Meta/Robots.php:194
Stack trace:
#0 /home/163112.cloudwaysapps.com/tugqfbgzba/public_html/wp-content/plugins/all-in-one-seo-pack/app/Common/Meta/Robots.php(133): AIOSEO\Plugin\Common\Meta\Robots->globalValues()
#1 /home/163112.cloudwaysapps.com/tugqfbgzba/public_html/wp-content/plugins/all-in-one-seo-pack/app/Common/Meta/Robots.php(56): AIOSEO\Plugin\Common\Meta\Robots->post()
#2 /home/163112.cloudwaysapps.com/tugqfbgzba/public_html/wp-content/plugins/all-in-one-seo-pack/app/Common/Views/main/meta.php(11): AIOSEO\Plugin\Common\Meta\Robots->meta()
#3 /home/163112.cloudwaysapps.com/tugqfbgzba/public_html/wp-content/plugins/all-in-one-seo-pack/app/Common/Main/Head.php(161): require_once('/home/163112.cl...')
#4 /home/163112.cloudwaysapps.com/tugqfbgzba/public_html/wp-content/plugins/all-in-one-seo-pack/app/Common/Main/Head.php(90): AIOSEO\Plugin\Common in /home/163112.cloudwaysapps.com/tugqfbgzba/public_html/wp-content/plugins/all-in-one-seo-pack/app/Common/Meta/Robots.php on line 194

2021-01-05T13:39:00+00:00 CRITICAL Uncaught Error: Call to a member function all() on null in /home/163112.cloudwaysapps.com/tugqfbgzba/public_html/wp-content/plugins/all-in-one-seo-pack/app/Common/Meta/Robots.php:194
Stack trace:
#0 /home/163112.cloudwaysapps.com/tugqfbgzba/public_html/wp-content/plugins/all-in-one-seo-pack/app/Common/Meta/Robots.php(133): AIOSEO\Plugin\Common\Meta\Robots->globalValues()
#1 /home/163112.cloudwaysapps.com/tugqfbgzba/public_html/wp-content/plugins/all-in-one-seo-pack/app/Common/Meta/Robots.php(56): AIOSEO\Plugin\Common\Meta\Robots->post()
#2 /home/163112.cloudwaysapps.com/tugqfbgzba/public_html/wp-content/plugins/all-in-one-seo-pack/app/Common/Views/main/meta.php(11): AIOSEO\Plugin\Common\Meta\Robots->meta()
#3 /home/163112.cloudwaysapps.com/tugqfbgzba/public_html/wp-content/plugins/all-in-one-seo-pack/app/Common/Main/Head.php(161): require_once('/home/163112.cl...')
#4 /home/163112.cloudwaysapps.com/tugqfbgzba/public_html/wp-content/plugins/all-in-one-seo-pack/app/Common/Main/Head.php(90): AIOSEO\Plugin\Common in /home/163112.cloudwaysapps.com/tugqfbgzba/public_html/wp-content/plugins/all-in-one-seo-pack/app/Common/Meta/Robots.php on line 194

2021-01-05T13:39:08+00:00 CRITICAL Uncaught Error: Call to a member function all() on null in /home/163112.cloudwaysapps.com/tugqfbgzba/public_html/wp-content/plugins/all-in-one-seo-pack/app/Common/Meta/Robots.php:194
Stack trace:
#0 /home/163112.cloudwaysapps.com/tugqfbgzba/public_html/wp-content/plugins/all-in-one-seo-pack/app/Common/Meta/Robots.php(133): AIOSEO\Plugin\Common\Meta\Robots->globalValues()
#1 /home/163112.cloudwaysapps.com/tugqfbgzba/public_html/wp-content/plugins/all-in-one-seo-pack/app/Common/Meta/Robots.php(56): AIOSEO\Plugin\Common\Meta\Robots->post()
#2 /home/163112.cloudwaysapps.com/tugqfbgzba/public_html/wp-content/plugins/all-in-one-seo-pack/app/Common/Views/main/meta.php(11): AIOSEO\Plugin\Common\Meta\Robots->meta()
#3 /home/163112.cloudwaysapps.com/tugqfbgzba/public_html/wp-content/plugins/all-in-one-seo-pack/app/Common/Main/Head.php(161): require_once('/home/163112.cl...')
#4 /home/163112.cloudwaysapps.com/tugqfbgzba/public_html/wp-content/plugins/all-in-one-seo-pack/app/Common/Main/Head.php(90): AIOSEO\Plugin\Common in /home/163112.cloudwaysapps.com/tugqfbgzba/public_html/wp-content/plugins/all-in-one-seo-pack/app/Common/Meta/Robots.php on line 194

2021-01-05T13:39:11+00:00 CRITICAL Uncaught Error: Call to a member function all() on null in /home/163112.cloudwaysapps.com/tugqfbgzba/public_html/wp-content/plugins/all-in-one-seo-pack/app/Common/Meta/Robots.php:194
Stack trace:
#0 /home/163112.cloudwaysapps.com/tugqfbgzba/public_html/wp-content/plugins/all-in-one-seo-pack/app/Common/Meta/Robots.php(133): AIOSEO\Plugin\Common\Meta\Robots->globalValues()
#1 /home/163112.cloudwaysapps.com/tugqfbgzba/public_html/wp-content/plugins/all-in-one-seo-pack/app/Common/Meta/Robots.php(56): AIOSEO\Plugin\Common\Meta\Robots->post()
#2 /home/163112.cloudwaysapps.com/tugqfbgzba/public_html/wp-content/plugins/all-in-one-seo-pack/app/Common/Views/main/meta.php(11): AIOSEO\Plugin\Common\Meta\Robots->meta()
#3 /home/163112.cloudwaysapps.com/tugqfbgzba/public_html/wp-content/plugins/all-in-one-seo-pack/app/Common/Main/Head.php(161): require_once('/home/163112.cl...')
#4 /home/163112.cloudwaysapps.com/tugqfbgzba/public_html/wp-content/plugins/all-in-one-seo-pack/app/Common/Main/Head.php(90): AIOSEO\Plugin\Common in /home/163112.cloudwaysapps.com/tugqfbgzba/public_html/wp-content/plugins/all-in-one-seo-pack/app/Common/Meta/Robots.php on line 194

2021-01-05T13:39:13+00:00 CRITICAL Uncaught Error: Call to a member function all() on null in /home/163112.cloudwaysapps.com/tugqfbgzba/public_html/wp-content/plugins/all-in-one-seo-pack/app/Common/Meta/Robots.php:194
Stack trace:
#0 /home/163112.cloudwaysapps.com/tugqfbgzba/public_html/wp-content/plugins/all-in-one-seo-pack/app/Common/Meta/Robots.php(133): AIOSEO\Plugin\Common\Meta\Robots->globalValues()
#1 /home/163112.cloudwaysapps.com/tugqfbgzba/public_html/wp-content/plugins/all-in-one-seo-pack/app/Common/Meta/Robots.php(56): AIOSEO\Plugin\Common\Meta\Robots->post()
#2 /home/163112.cloudwaysapps.com/tugqfbgzba/public_html/wp-content/plugins/all-in-one-seo-pack/app/Common/Views/main/meta.php(11): AIOSEO\Plugin\Common\Meta\Robots->meta()
#3 /home/163112.cloudwaysapps.com/tugqfbgzba/public_html/wp-content/plugins/all-in-one-seo-pack/app/Common/Main/Head.php(161): require_once('/home/163112.cl...')
#4 /home/163112.cloudwaysapps.com/tugqfbgzba/public_html/wp-content/plugins/all-in-one-seo-pack/app/Common/Main/Head.php(90): AIOSEO\Plugin\Common in /home/163112.cloudwaysapps.com/tugqfbgzba/public_html/wp-content/plugins/all-in-one-seo-pack/app/Common/Meta/Robots.php on line 194

2021-01-05T13:39:17+00:00 CRITICAL Uncaught Error: Call to a member function all() on null in /home/163112.cloudwaysapps.com/tugqfbgzba/public_html/wp-content/plugins/all-in-one-seo-pack/app/Common/Meta/Robots.php:194
Stack trace:
#0 /home/163112.cloudwaysapps.com/tugqfbgzba/public_html/wp-content/plugins/all-in-one-seo-pack/app/Common/Meta/Robots.php(133): AIOSEO\Plugin\Common\Meta\Robots->globalValues()
#1 /home/163112.cloudwaysapps.com/tugqfbgzba/public_html/wp-content/plugins/all-in-one-seo-pack/app/Common/Meta/Robots.php(56): AIOSEO\Plugin\Common\Meta\Robots->post()
#2 /home/163112.cloudwaysapps.com/tugqfbgzba/public_html/wp-content/plugins/all-in-one-seo-pack/app/Common/Views/main/meta.php(11): AIOSEO\Plugin\Common\Meta\Robots->meta()
#3 /home/163112.cloudwaysapps.com/tugqfbgzba/public_html/wp-content/plugins/all-in-one-seo-pack/app/Common/Main/Head.php(161): require_once('/home/163112.cl...')
#4 /home/163112.cloudwaysapps.com/tugqfbgzba/public_html/wp-content/plugins/all-in-one-seo-pack/app/Common/Main/Head.php(90): AIOSEO\Plugin\Common in /home/163112.cloudwaysapps.com/tugqfbgzba/public_html/wp-content/plugins/all-in-one-seo-pack/app/Common/Meta/Robots.php on line 194

2021-01-05T13:39:27+00:00 CRITICAL Uncaught Error: Call to a member function all() on null in /home/163112.cloudwaysapps.com/tugqfbgzba/public_html/wp-content/plugins/all-in-one-seo-pack/app/Common/Meta/Robots.php:194
Stack trace:
#0 /home/163112.cloudwaysapps.com/tugqfbgzba/public_html/wp-content/plugins/all-in-one-seo-pack/app/Common/Meta/Robots.php(133): AIOSEO\Plugin\Common\Meta\Robots->globalValues()
#1 /home/163112.cloudwaysapps.com/tugqfbgzba/public_html/wp-content/plugins/all-in-one-seo-pack/app/Common/Meta/Robots.php(56): AIOSEO\Plugin\Common\Meta\Robots->post()
#2 /home/163112.cloudwaysapps.com/tugqfbgzba/public_html/wp-content/plugins/all-in-one-seo-pack/app/Common/Views/main/meta.php(11): AIOSEO\Plugin\Common\Meta\Robots->meta()
#3 /home/163112.cloudwaysapps.com/tugqfbgzba/public_html/wp-content/plugins/all-in-one-seo-pack/app/Common/Main/Head.php(161): require_once('/home/163112.cl...')
#4 /home/163112.cloudwaysapps.com/tugqfbgzba/public_html/wp-content/plugins/all-in-one-seo-pack/app/Common/Main/Head.php(90): AIOSEO\Plugin\Common in /home/163112.cloudwaysapps.com/tugqfbgzba/public_html/wp-content/plugins/all-in-one-seo-pack/app/Common/Meta/Robots.php on line 194

2021-01-05T13:39:27+00:00 CRITICAL Uncaught Error: Call to a member function all() on null in /home/163112.cloudwaysapps.com/tugqfbgzba/public_html/wp-content/plugins/all-in-one-seo-pack/app/Common/Meta/Robots.php:194
Stack trace:
#0 /home/163112.cloudwaysapps.com/tugqfbgzba/public_html/wp-content/plugins/all-in-one-seo-pack/app/Common/Meta/Robots.php(133): AIOSEO\Plugin\Common\Meta\Robots->globalValues()
#1 /home/163112.cloudwaysapps.com/tugqfbgzba/public_html/wp-content/plugins/all-in-one-seo-pack/app/Common/Meta/Robots.php(56): AIOSEO\Plugin\Common\Meta\Robots->post()
#2 /home/163112.cloudwaysapps.com/tugqfbgzba/public_html/wp-content/plugins/all-in-one-seo-pack/app/Common/Views/main/meta.php(11): AIOSEO\Plugin\Common\Meta\Robots->meta()
#3 /home/163112.cloudwaysapps.com/tugqfbgzba/public_html/wp-content/plugins/all-in-one-seo-pack/app/Common/Main/Head.php(161): require_once('/home/163112.cl...')
#4 /home/163112.cloudwaysapps.com/tugqfbgzba/public_html/wp-content/plugins/all-in-one-seo-pack/app/Common/Main/Head.php(90): AIOSEO\Plugin\Common in /home/163112.cloudwaysapps.com/tugqfbgzba/public_html/wp-content/plugins/all-in-one-seo-pack/app/Common/Meta/Robots.php on line 194

2021-01-05T13:39:28+00:00 CRITICAL Uncaught Error: Call to a member function all() on null in /home/163112.cloudwaysapps.com/tugqfbgzba/public_html/wp-content/plugins/all-in-one-seo-pack/app/Common/Meta/Robots.php:194
Stack trace:
#0 /home/163112.cloudwaysapps.com/tugqfbgzba/public_html/wp-content/plugins/all-in-one-seo-pack/app/Common/Meta/Robots.php(133): AIOSEO\Plugin\Common\Meta\Robots->globalValues()
#1 /home/163112.cloudwaysapps.com/tugqfbgzba/public_html/wp-content/plugins/all-in-one-seo-pack/app/Common/Meta/Robots.php(56): AIOSEO\Plugin\Common\Meta\Robots->post()
#2 /home/163112.cloudwaysapps.com/tugqfbgzba/public_html/wp-content/plugins/all-in-one-seo-pack/app/Common/Views/main/meta.php(11): AIOSEO\Plugin\Common\Meta\Robots->meta()
#3 /home/163112.cloudwaysapps.com/tugqfbgzba/public_html/wp-content/plugins/all-in-one-seo-pack/app/Common/Main/Head.php(161): require_once('/home/163112.cl...')
#4 /home/163112.cloudwaysapps.com/tugqfbgzba/public_html/wp-content/plugins/all-in-one-seo-pack/app/Common/Main/Head.php(90): AIOSEO\Plugin\Common in /home/163112.cloudwaysapps.com/tugqfbgzba/public_html/wp-content/plugins/all-in-one-seo-pack/app/Common/Meta/Robots.php on line 194

2021-01-05T13:39:28+00:00 CRITICAL Uncaught Error: Call to a member function all() on null in /home/163112.cloudwaysapps.com/tugqfbgzba/public_html/wp-content/plugins/all-in-one-seo-pack/app/Common/Meta/Robots.php:194
Stack trace:
#0 /home/163112.cloudwaysapps.com/tugqfbgzba/public_html/wp-content/plugins/all-in-one-seo-pack/app/Common/Meta/Robots.php(133): AIOSEO\Plugin\Common\Meta\Robots->globalValues()
#1 /home/163112.cloudwaysapps.com/tugqfbgzba/public_html/wp-content/plugins/all-in-one-seo-pack/app/Common/Meta/Robots.php(56): AIOSEO\Plugin\Common\Meta\Robots->post()
#2 /home/163112.cloudwaysapps.com/tugqfbgzba/public_html/wp-content/plugins/all-in-one-seo-pack/app/Common/Views/main/meta.php(11): AIOSEO\Plugin\Common\Meta\Robots->meta()
#3 /home/163112.cloudwaysapps.com/tugqfbgzba/public_html/wp-content/plugins/all-in-one-seo-pack/app/Common/Main/Head.php(161): require_once('/home/163112.cl...')
#4 /home/163112.cloudwaysapps.com/tugqfbgzba/public_html/wp-content/plugins/all-in-one-seo-pack/app/Common/Main/Head.php(90): AIOSEO\Plugin\Common in /home/163112.cloudwaysapps.com/tugqfbgzba/public_html/wp-content/plugins/all-in-one-seo-pack/app/Common/Meta/Robots.php on line 194

2021-01-05T13:39:29+00:00 CRITICAL Uncaught Error: Call to a member function all() on null in /home/163112.cloudwaysapps.com/tugqfbgzba/public_html/wp-content/plugins/all-in-one-seo-pack/app/Common/Meta/Robots.php:194
Stack trace:
#0 /home/163112.cloudwaysapps.com/tugqfbgzba/public_html/wp-content/plugins/all-in-one-seo-pack/app/Common/Meta/Robots.php(133): AIOSEO\Plugin\Common\Meta\Robots->globalValues()
#1 /home/163112.cloudwaysapps.com/tugqfbgzba/public_html/wp-content/plugins/all-in-one-seo-pack/app/Common/Meta/Robots.php(56): AIOSEO\Plugin\Common\Meta\Robots->post()
#2 /home/163112.cloudwaysapps.com/tugqfbgzba/public_html/wp-content/plugins/all-in-one-seo-pack/app/Common/Views/main/meta.php(11): AIOSEO\Plugin\Common\Meta\Robots->meta()
#3 /home/163112.cloudwaysapps.com/tugqfbgzba/public_html/wp-content/plugins/all-in-one-seo-pack/app/Common/Main/Head.php(161): require_once('/home/163112.cl...')
#4 /home/163112.cloudwaysapps.com/tugqfbgzba/public_html/wp-content/plugins/all-in-one-seo-pack/app/Common/Main/Head.php(90): AIOSEO\Plugin\Common in /home/163112.cloudwaysapps.com/tugqfbgzba/public_html/wp-content/plugins/all-in-one-seo-pack/app/Common/Meta/Robots.php on line 194

2021-01-05T13:39:29+00:00 CRITICAL Uncaught Error: Call to a member function all() on null in /home/163112.cloudwaysapps.com/tugqfbgzba/public_html/wp-content/plugins/all-in-one-seo-pack/app/Common/Meta/Robots.php:194
Stack trace:
#0 /home/163112.cloudwaysapps.com/tugqfbgzba/public_html/wp-content/plugins/all-in-one-seo-pack/app/Common/Meta/Robots.php(133): AIOSEO\Plugin\Common\Meta\Robots->globalValues()
#1 /home/163112.cloudwaysapps.com/tugqfbgzba/public_html/wp-content/plugins/all-in-one-seo-pack/app/Common/Meta/Robots.php(56): AIOSEO\Plugin\Common\Meta\Robots->post()
#2 /home/163112.cloudwaysapps.com/tugqfbgzba/public_html/wp-content/plugins/all-in-one-seo-pack/app/Common/Views/main/meta.php(11): AIOSEO\Plugin\Common\Meta\Robots->meta()
#3 /home/163112.cloudwaysapps.com/tugqfbgzba/public_html/wp-content/plugins/all-in-one-seo-pack/app/Common/Main/Head.php(161): require_once('/home/163112.cl...')
#4 /home/163112.cloudwaysapps.com/tugqfbgzba/public_html/wp-content/plugins/all-in-one-seo-pack/app/Common/Main/Head.php(90): AIOSEO\Plugin\Common in /home/163112.cloudwaysapps.com/tugqfbgzba/public_html/wp-content/plugins/all-in-one-seo-pack/app/Common/Meta/Robots.php on line 194

2021-01-05T13:39:29+00:00 CRITICAL Uncaught Error: Call to a member function all() on null in /home/163112.cloudwaysapps.com/tugqfbgzba/public_html/wp-content/plugins/all-in-one-seo-pack/app/Common/Meta/Robots.php:194
Stack trace:
#0 /home/163112.cloudwaysapps.com/tugqfbgzba/public_html/wp-content/plugins/all-in-one-seo-pack/app/Common/Meta/Robots.php(133): AIOSEO\Plugin\Common\Meta\Robots->globalValues()
#1 /home/163112.cloudwaysapps.com/tugqfbgzba/public_html/wp-content/plugins/all-in-one-seo-pack/app/Common/Meta/Robots.php(56): AIOSEO\Plugin\Common\Meta\Robots->post()
#2 /home/163112.cloudwaysapps.com/tugqfbgzba/public_html/wp-content/plugins/all-in-one-seo-pack/app/Common/Views/main/meta.php(11): AIOSEO\Plugin\Common\Meta\Robots->meta()
#3 /home/163112.cloudwaysapps.com/tugqfbgzba/public_html/wp-content/plugins/all-in-one-seo-pack/app/Common/Main/Head.php(161): require_once('/home/163112.cl...')
#4 /home/163112.cloudwaysapps.com/tugqfbgzba/public_html/wp-content/plugins/all-in-one-seo-pack/app/Common/Main/Head.php(90): AIOSEO\Plugin\Common in /home/163112.cloudwaysapps.com/tugqfbgzba/public_html/wp-content/plugins/all-in-one-seo-pack/app/Common/Meta/Robots.php on line 194

2021-01-05T13:39:29+00:00 CRITICAL Uncaught Error: Call to a member function all() on null in /home/163112.cloudwaysapps.com/tugqfbgzba/public_html/wp-content/plugins/all-in-one-seo-pack/app/Common/Meta/Robots.php:194
Stack trace:
#0 /home/163112.cloudwaysapps.com/tugqfbgzba/public_html/wp-content/plugins/all-in-one-seo-pack/app/Common/Meta/Robots.php(133): AIOSEO\Plugin\Common\Meta\Robots->globalValues()
#1 /home/163112.cloudwaysapps.com/tugqfbgzba/public_html/wp-content/plugins/all-in-one-seo-pack/app/Common/Meta/Robots.php(56): AIOSEO\Plugin\Common\Meta\Robots->post()
#2 /home/163112.cloudwaysapps.com/tugqfbgzba/public_html/wp-content/plugins/all-in-one-seo-pack/app/Common/Views/main/meta.php(11): AIOSEO\Plugin\Common\Meta\Robots->meta()
#3 /home/163112.cloudwaysapps.com/tugqfbgzba/public_html/wp-content/plugins/all-in-one-seo-pack/app/Common/Main/Head.php(161): require_once('/home/163112.cl...')
#4 /home/163112.cloudwaysapps.com/tugqfbgzba/public_html/wp-content/plugins/all-in-one-seo-pack/app/Common/Main/Head.php(90): AIOSEO\Plugin\Common in /home/163112.cloudwaysapps.com/tugqfbgzba/public_html/wp-content/plugins/all-in-one-seo-pack/app/Common/Meta/Robots.php on line 194

2021-01-05T13:39:58+00:00 CRITICAL Uncaught Error: Call to a member function all() on null in /home/163112.cloudwaysapps.com/tugqfbgzba/public_html/wp-content/plugins/all-in-one-seo-pack/app/Common/Meta/Robots.php:194
Stack trace:
#0 /home/163112.cloudwaysapps.com/tugqfbgzba/public_html/wp-content/plugins/all-in-one-seo-pack/app/Common/Meta/Robots.php(133): AIOSEO\Plugin\Common\Meta\Robots->globalValues()
#1 /home/163112.cloudwaysapps.com/tugqfbgzba/public_html/wp-content/plugins/all-in-one-seo-pack/app/Common/Meta/Robots.php(56): AIOSEO\Plugin\Common\Meta\Robots->post()
#2 /home/163112.cloudwaysapps.com/tugqfbgzba/public_html/wp-content/plugins/all-in-one-seo-pack/app/Common/Views/main/meta.php(11): AIOSEO\Plugin\Common\Meta\Robots->meta()
#3 /home/163112.cloudwaysapps.com/tugqfbgzba/public_html/wp-content/plugins/all-in-one-seo-pack/app/Common/Main/Head.php(161): require_once('/home/163112.cl...')
#4 /home/163112.cloudwaysapps.com/tugqfbgzba/public_html/wp-content/plugins/all-in-one-seo-pack/app/Common/Main/Head.php(90): AIOSEO\Plugin\Common in /home/163112.cloudwaysapps.com/tugqfbgzba/public_html/wp-content/plugins/all-in-one-seo-pack/app/Common/Meta/Robots.php on line 194

2021-01-05T13:39:59+00:00 CRITICAL Uncaught Error: Call to a member function all() on null in /home/163112.cloudwaysapps.com/tugqfbgzba/public_html/wp-content/plugins/all-in-one-seo-pack/app/Common/Meta/Robots.php:194
Stack trace:
#0 /home/163112.cloudwaysapps.com/tugqfbgzba/public_html/wp-content/plugins/all-in-one-seo-pack/app/Common/Meta/Robots.php(133): AIOSEO\Plugin\Common\Meta\Robots->globalValues()
#1 /home/163112.cloudwaysapps.com/tugqfbgzba/public_html/wp-content/plugins/all-in-one-seo-pack/app/Common/Meta/Robots.php(56): AIOSEO\Plugin\Common\Meta\Robots->post()
#2 /home/163112.cloudwaysapps.com/tugqfbgzba/public_html/wp-content/plugins/all-in-one-seo-pack/app/Common/Views/main/meta.php(11): AIOSEO\Plugin\Common\Meta\Robots->meta()
#3 /home/163112.cloudwaysapps.com/tugqfbgzba/public_html/wp-content/plugins/all-in-one-seo-pack/app/Common/Main/Head.php(161): require_once('/home/163112.cl...')
#4 /home/163112.cloudwaysapps.com/tugqfbgzba/public_html/wp-content/plugins/all-in-one-seo-pack/app/Common/Main/Head.php(90): AIOSEO\Plugin\Common in /home/163112.cloudwaysapps.com/tugqfbgzba/public_html/wp-content/plugins/all-in-one-seo-pack/app/Common/Meta/Robots.php on line 194

2021-01-05T13:39:59+00:00 CRITICAL Uncaught Error: Call to a member function all() on null in /home/163112.cloudwaysapps.com/tugqfbgzba/public_html/wp-content/plugins/all-in-one-seo-pack/app/Common/Meta/Robots.php:194
Stack trace:
#0 /home/163112.cloudwaysapps.com/tugqfbgzba/public_html/wp-content/plugins/all-in-one-seo-pack/app/Common/Meta/Robots.php(133): AIOSEO\Plugin\Common\Meta\Robots->globalValues()
#1 /home/163112.cloudwaysapps.com/tugqfbgzba/public_html/wp-content/plugins/all-in-one-seo-pack/app/Common/Meta/Robots.php(56): AIOSEO\Plugin\Common\Meta\Robots->post()
#2 /home/163112.cloudwaysapps.com/tugqfbgzba/public_html/wp-content/plugins/all-in-one-seo-pack/app/Common/Views/main/meta.php(11): AIOSEO\Plugin\Common\Meta\Robots->meta()
#3 /home/163112.cloudwaysapps.com/tugqfbgzba/public_html/wp-content/plugins/all-in-one-seo-pack/app/Common/Main/Head.php(161): require_once('/home/163112.cl...')
#4 /home/163112.cloudwaysapps.com/tugqfbgzba/public_html/wp-content/plugins/all-in-one-seo-pack/app/Common/Main/Head.php(90): AIOSEO\Plugin\Common in /home/163112.cloudwaysapps.com/tugqfbgzba/public_html/wp-content/plugins/all-in-one-seo-pack/app/Common/Meta/Robots.php on line 194

2021-01-05T13:39:59+00:00 CRITICAL Uncaught Error: Call to a member function all() on null in /home/163112.cloudwaysapps.com/tugqfbgzba/public_html/wp-content/plugins/all-in-one-seo-pack/app/Common/Meta/Robots.php:194
Stack trace:
#0 /home/163112.cloudwaysapps.com/tugqfbgzba/public_html/wp-content/plugins/all-in-one-seo-pack/app/Common/Meta/Robots.php(133): AIOSEO\Plugin\Common\Meta\Robots->globalValues()
#1 /home/163112.cloudwaysapps.com/tugqfbgzba/public_html/wp-content/plugins/all-in-one-seo-pack/app/Common/Meta/Robots.php(56): AIOSEO\Plugin\Common\Meta\Robots->post()
#2 /home/163112.cloudwaysapps.com/tugqfbgzba/public_html/wp-content/plugins/all-in-one-seo-pack/app/Common/Views/main/meta.php(11): AIOSEO\Plugin\Common\Meta\Robots->meta()
#3 /home/163112.cloudwaysapps.com/tugqfbgzba/public_html/wp-content/plugins/all-in-one-seo-pack/app/Common/Main/Head.php(161): require_once('/home/163112.cl...')
#4 /home/163112.cloudwaysapps.com/tugqfbgzba/public_html/wp-content/plugins/all-in-one-seo-pack/app/Common/Main/Head.php(90): AIOSEO\Plugin\Common in /home/163112.cloudwaysapps.com/tugqfbgzba/public_html/wp-content/plugins/all-in-one-seo-pack/app/Common/Meta/Robots.php on line 194

2021-01-05T13:39:59+00:00 CRITICAL Uncaught Error: Call to a member function all() on null in /home/163112.cloudwaysapps.com/tugqfbgzba/public_html/wp-content/plugins/all-in-one-seo-pack/app/Common/Meta/Robots.php:194
Stack trace:
#0 /home/163112.cloudwaysapps.com/tugqfbgzba/public_html/wp-content/plugins/all-in-one-seo-pack/app/Common/Meta/Robots.php(133): AIOSEO\Plugin\Common\Meta\Robots->globalValues()
#1 /home/163112.cloudwaysapps.com/tugqfbgzba/public_html/wp-content/plugins/all-in-one-seo-pack/app/Common/Meta/Robots.php(56): AIOSEO\Plugin\Common\Meta\Robots->post()
#2 /home/163112.cloudwaysapps.com/tugqfbgzba/public_html/wp-content/plugins/all-in-one-seo-pack/app/Common/Views/main/meta.php(11): AIOSEO\Plugin\Common\Meta\Robots->meta()
#3 /home/163112.cloudwaysapps.com/tugqfbgzba/public_html/wp-content/plugins/all-in-one-seo-pack/app/Common/Main/Head.php(161): require_once('/home/163112.cl...')
#4 /home/163112.cloudwaysapps.com/tugqfbgzba/public_html/wp-content/plugins/all-in-one-seo-pack/app/Common/Main/Head.php(90): AIOSEO\Plugin\Common in /home/163112.cloudwaysapps.com/tugqfbgzba/public_html/wp-content/plugins/all-in-one-seo-pack/app/Common/Meta/Robots.php on line 194

2021-01-05T13:39:59+00:00 CRITICAL Uncaught Error: Call to a member function all() on null in /home/163112.cloudwaysapps.com/tugqfbgzba/public_html/wp-content/plugins/all-in-one-seo-pack/app/Common/Meta/Robots.php:194
Stack trace:
#0 /home/163112.cloudwaysapps.com/tugqfbgzba/public_html/wp-content/plugins/all-in-one-seo-pack/app/Common/Meta/Robots.php(133): AIOSEO\Plugin\Common\Meta\Robots->globalValues()
#1 /home/163112.cloudwaysapps.com/tugqfbgzba/public_html/wp-content/plugins/all-in-one-seo-pack/app/Common/Meta/Robots.php(56): AIOSEO\Plugin\Common\Meta\Robots->post()
#2 /home/163112.cloudwaysapps.com/tugqfbgzba/public_html/wp-content/plugins/all-in-one-seo-pack/app/Common/Views/main/meta.php(11): AIOSEO\Plugin\Common\Meta\Robots->meta()
#3 /home/163112.cloudwaysapps.com/tugqfbgzba/public_html/wp-content/plugins/all-in-one-seo-pack/app/Common/Main/Head.php(161): require_once('/home/163112.cl...')
#4 /home/163112.cloudwaysapps.com/tugqfbgzba/public_html/wp-content/plugins/all-in-one-seo-pack/app/Common/Main/Head.php(90): AIOSEO\Plugin\Common in /home/163112.cloudwaysapps.com/tugqfbgzba/public_html/wp-content/plugins/all-in-one-seo-pack/app/Common/Meta/Robots.php on line 194

2021-01-05T13:40:00+00:00 CRITICAL Uncaught Error: Call to a member function all() on null in /home/163112.cloudwaysapps.com/tugqfbgzba/public_html/wp-content/plugins/all-in-one-seo-pack/app/Common/Meta/Robots.php:194
Stack trace:
#0 /home/163112.cloudwaysapps.com/tugqfbgzba/public_html/wp-content/plugins/all-in-one-seo-pack/app/Common/Meta/Robots.php(133): AIOSEO\Plugin\Common\Meta\Robots->globalValues()
#1 /home/163112.cloudwaysapps.com/tugqfbgzba/public_html/wp-content/plugins/all-in-one-seo-pack/app/Common/Meta/Robots.php(56): AIOSEO\Plugin\Common\Meta\Robots->post()
#2 /home/163112.cloudwaysapps.com/tugqfbgzba/public_html/wp-content/plugins/all-in-one-seo-pack/app/Common/Views/main/meta.php(11): AIOSEO\Plugin\Common\Meta\Robots->meta()
#3 /home/163112.cloudwaysapps.com/tugqfbgzba/public_html/wp-content/plugins/all-in-one-seo-pack/app/Common/Main/Head.php(161): require_once('/home/163112.cl...')
#4 /home/163112.cloudwaysapps.com/tugqfbgzba/public_html/wp-content/plugins/all-in-one-seo-pack/app/Common/Main/Head.php(90): AIOSEO\Plugin\Common in /home/163112.cloudwaysapps.com/tugqfbgzba/public_html/wp-content/plugins/all-in-one-seo-pack/app/Common/Meta/Robots.php on line 194

2021-01-05T13:40:00+00:00 CRITICAL Uncaught Error: Call to a member function all() on null in /home/163112.cloudwaysapps.com/tugqfbgzba/public_html/wp-content/plugins/all-in-one-seo-pack/app/Common/Meta/Robots.php:194
Stack trace:
#0 /home/163112.cloudwaysapps.com/tugqfbgzba/public_html/wp-content/plugins/all-in-one-seo-pack/app/Common/Meta/Robots.php(133): AIOSEO\Plugin\Common\Meta\Robots->globalValues()
#1 /home/163112.cloudwaysapps.com/tugqfbgzba/public_html/wp-content/plugins/all-in-one-seo-pack/app/Common/Meta/Robots.php(56): AIOSEO\Plugin\Common\Meta\Robots->post()
#2 /home/163112.cloudwaysapps.com/tugqfbgzba/public_html/wp-content/plugins/all-in-one-seo-pack/app/Common/Views/main/meta.php(11): AIOSEO\Plugin\Common\Meta\Robots->meta()
#3 /home/163112.cloudwaysapps.com/tugqfbgzba/public_html/wp-content/plugins/all-in-one-seo-pack/app/Common/Main/Head.php(161): require_once('/home/163112.cl...')
#4 /home/163112.cloudwaysapps.com/tugqfbgzba/public_html/wp-content/plugins/all-in-one-seo-pack/app/Common/Main/Head.php(90): AIOSEO\Plugin\Common in /home/163112.cloudwaysapps.com/tugqfbgzba/public_html/wp-content/plugins/all-in-one-seo-pack/app/Common/Meta/Robots.php on line 194

2021-01-05T13:40:01+00:00 CRITICAL Uncaught Error: Call to a member function all() on null in /home/163112.cloudwaysapps.com/tugqfbgzba/public_html/wp-content/plugins/all-in-one-seo-pack/app/Common/Meta/Robots.php:194
Stack trace:
#0 /home/163112.cloudwaysapps.com/tugqfbgzba/public_html/wp-content/plugins/all-in-one-seo-pack/app/Common/Meta/Robots.php(133): AIOSEO\Plugin\Common\Meta\Robots->globalValues()
#1 /home/163112.cloudwaysapps.com/tugqfbgzba/public_html/wp-content/plugins/all-in-one-seo-pack/app/Common/Meta/Robots.php(56): AIOSEO\Plugin\Common\Meta\Robots->post()
#2 /home/163112.cloudwaysapps.com/tugqfbgzba/public_html/wp-content/plugins/all-in-one-seo-pack/app/Common/Views/main/meta.php(11): AIOSEO\Plugin\Common\Meta\Robots->meta()
#3 /home/163112.cloudwaysapps.com/tugqfbgzba/public_html/wp-content/plugins/all-in-one-seo-pack/app/Common/Main/Head.php(161): require_once('/home/163112.cl...')
#4 /home/163112.cloudwaysapps.com/tugqfbgzba/public_html/wp-content/plugins/all-in-one-seo-pack/app/Common/Main/Head.php(90): AIOSEO\Plugin\Common in /home/163112.cloudwaysapps.com/tugqfbgzba/public_html/wp-content/plugins/all-in-one-seo-pack/app/Common/Meta/Robots.php on line 194

2021-01-05T13:40:01+00:00 CRITICAL Uncaught Error: Call to a member function all() on null in /home/163112.cloudwaysapps.com/tugqfbgzba/public_html/wp-content/plugins/all-in-one-seo-pack/app/Common/Meta/Robots.php:194
Stack trace:
#0 /home/163112.cloudwaysapps.com/tugqfbgzba/public_html/wp-content/plugins/all-in-one-seo-pack/app/Common/Meta/Robots.php(133): AIOSEO\Plugin\Common\Meta\Robots->globalValues()
#1 /home/163112.cloudwaysapps.com/tugqfbgzba/public_html/wp-content/plugins/all-in-one-seo-pack/app/Common/Meta/Robots.php(56): AIOSEO\Plugin\Common\Meta\Robots->post()
#2 /home/163112.cloudwaysapps.com/tugqfbgzba/public_html/wp-content/plugins/all-in-one-seo-pack/app/Common/Views/main/meta.php(11): AIOSEO\Plugin\Common\Meta\Robots->meta()
#3 /home/163112.cloudwaysapps.com/tugqfbgzba/public_html/wp-content/plugins/all-in-one-seo-pack/app/Common/Main/Head.php(161): require_once('/home/163112.cl...')
#4 /home/163112.cloudwaysapps.com/tugqfbgzba/public_html/wp-content/plugins/all-in-one-seo-pack/app/Common/Main/Head.php(90): AIOSEO\Plugin\Common in /home/163112.cloudwaysapps.com/tugqfbgzba/public_html/wp-content/plugins/all-in-one-seo-pack/app/Common/Meta/Robots.php on line 194

2021-01-05T13:40:01+00:00 CRITICAL Uncaught Error: Call to a member function all() on null in /home/163112.cloudwaysapps.com/tugqfbgzba/public_html/wp-content/plugins/all-in-one-seo-pack/app/Common/Meta/Robots.php:194
Stack trace:
#0 /home/163112.cloudwaysapps.com/tugqfbgzba/public_html/wp-content/plugins/all-in-one-seo-pack/app/Common/Meta/Robots.php(133): AIOSEO\Plugin\Common\Meta\Robots->globalValues()
#1 /home/163112.cloudwaysapps.com/tugqfbgzba/public_html/wp-content/plugins/all-in-one-seo-pack/app/Common/Meta/Robots.php(56): AIOSEO\Plugin\Common\Meta\Robots->post()
#2 /home/163112.cloudwaysapps.com/tugqfbgzba/public_html/wp-content/plugins/all-in-one-seo-pack/app/Common/Views/main/meta.php(11): AIOSEO\Plugin\Common\Meta\Robots->meta()
#3 /home/163112.cloudwaysapps.com/tugqfbgzba/public_html/wp-content/plugins/all-in-one-seo-pack/app/Common/Main/Head.php(161): require_once('/home/163112.cl...')
#4 /home/163112.cloudwaysapps.com/tugqfbgzba/public_html/wp-content/plugins/all-in-one-seo-pack/app/Common/Main/Head.php(90): AIOSEO\Plugin\Common in /home/163112.cloudwaysapps.com/tugqfbgzba/public_html/wp-content/plugins/all-in-one-seo-pack/app/Common/Meta/Robots.php on line 194

2021-01-05T13:40:01+00:00 CRITICAL Uncaught Error: Call to a member function all() on null in /home/163112.cloudwaysapps.com/tugqfbgzba/public_html/wp-content/plugins/all-in-one-seo-pack/app/Common/Meta/Robots.php:194
Stack trace:
#0 /home/163112.cloudwaysapps.com/tugqfbgzba/public_html/wp-content/plugins/all-in-one-seo-pack/app/Common/Meta/Robots.php(133): AIOSEO\Plugin\Common\Meta\Robots->globalValues()
#1 /home/163112.cloudwaysapps.com/tugqfbgzba/public_html/wp-content/plugins/all-in-one-seo-pack/app/Common/Meta/Robots.php(56): AIOSEO\Plugin\Common\Meta\Robots->post()
#2 /home/163112.cloudwaysapps.com/tugqfbgzba/public_html/wp-content/plugins/all-in-one-seo-pack/app/Common/Views/main/meta.php(11): AIOSEO\Plugin\Common\Meta\Robots->meta()
#3 /home/163112.cloudwaysapps.com/tugqfbgzba/public_html/wp-content/plugins/all-in-one-seo-pack/app/Common/Main/Head.php(161): require_once('/home/163112.cl...')
#4 /home/163112.cloudwaysapps.com/tugqfbgzba/public_html/wp-content/plugins/all-in-one-seo-pack/app/Common/Main/Head.php(90): AIOSEO\Plugin\Common in /home/163112.cloudwaysapps.com/tugqfbgzba/public_html/wp-content/plugins/all-in-one-seo-pack/app/Common/Meta/Robots.php on line 194

2021-01-05T13:40:01+00:00 CRITICAL Uncaught Error: Call to a member function all() on null in /home/163112.cloudwaysapps.com/tugqfbgzba/public_html/wp-content/plugins/all-in-one-seo-pack/app/Common/Meta/Robots.php:194
Stack trace:
#0 /home/163112.cloudwaysapps.com/tugqfbgzba/public_html/wp-content/plugins/all-in-one-seo-pack/app/Common/Meta/Robots.php(133): AIOSEO\Plugin\Common\Meta\Robots->globalValues()
#1 /home/163112.cloudwaysapps.com/tugqfbgzba/public_html/wp-content/plugins/all-in-one-seo-pack/app/Common/Meta/Robots.php(56): AIOSEO\Plugin\Common\Meta\Robots->post()
#2 /home/163112.cloudwaysapps.com/tugqfbgzba/public_html/wp-content/plugins/all-in-one-seo-pack/app/Common/Views/main/meta.php(11): AIOSEO\Plugin\Common\Meta\Robots->meta()
#3 /home/163112.cloudwaysapps.com/tugqfbgzba/public_html/wp-content/plugins/all-in-one-seo-pack/app/Common/Main/Head.php(161): require_once('/home/163112.cl...')
#4 /home/163112.cloudwaysapps.com/tugqfbgzba/public_html/wp-content/plugins/all-in-one-seo-pack/app/Common/Main/Head.php(90): AIOSEO\Plugin\Common in /home/163112.cloudwaysapps.com/tugqfbgzba/public_html/wp-content/plugins/all-in-one-seo-pack/app/Common/Meta/Robots.php on line 194

2021-01-05T13:40:02+00:00 CRITICAL Uncaught Error: Call to a member function all() on null in /home/163112.cloudwaysapps.com/tugqfbgzba/public_html/wp-content/plugins/all-in-one-seo-pack/app/Common/Meta/Robots.php:194
Stack trace:
#0 /home/163112.cloudwaysapps.com/tugqfbgzba/public_html/wp-content/plugins/all-in-one-seo-pack/app/Common/Meta/Robots.php(133): AIOSEO\Plugin\Common\Meta\Robots->globalValues()
#1 /home/163112.cloudwaysapps.com/tugqfbgzba/public_html/wp-content/plugins/all-in-one-seo-pack/app/Common/Meta/Robots.php(56): AIOSEO\Plugin\Common\Meta\Robots->post()
#2 /home/163112.cloudwaysapps.com/tugqfbgzba/public_html/wp-content/plugins/all-in-one-seo-pack/app/Common/Views/main/meta.php(11): AIOSEO\Plugin\Common\Meta\Robots->meta()
#3 /home/163112.cloudwaysapps.com/tugqfbgzba/public_html/wp-content/plugins/all-in-one-seo-pack/app/Common/Main/Head.php(161): require_once('/home/163112.cl...')
#4 /home/163112.cloudwaysapps.com/tugqfbgzba/public_html/wp-content/plugins/all-in-one-seo-pack/app/Common/Main/Head.php(90): AIOSEO\Plugin\Common in /home/163112.cloudwaysapps.com/tugqfbgzba/public_html/wp-content/plugins/all-in-one-seo-pack/app/Common/Meta/Robots.php on line 194

2021-01-05T13:43:36+00:00 CRITICAL Uncaught Error: Call to a member function all() on null in /home/163112.cloudwaysapps.com/tugqfbgzba/public_html/wp-content/plugins/all-in-one-seo-pack/app/Common/Meta/Robots.php:194
Stack trace:
#0 /home/163112.cloudwaysapps.com/tugqfbgzba/public_html/wp-content/plugins/all-in-one-seo-pack/app/Common/Meta/Robots.php(133): AIOSEO\Plugin\Common\Meta\Robots->globalValues()
#1 /home/163112.cloudwaysapps.com/tugqfbgzba/public_html/wp-content/plugins/all-in-one-seo-pack/app/Common/Meta/Robots.php(56): AIOSEO\Plugin\Common\Meta\Robots->post()
#2 /home/163112.cloudwaysapps.com/tugqfbgzba/public_html/wp-content/plugins/all-in-one-seo-pack/app/Common/Views/main/meta.php(11): AIOSEO\Plugin\Common\Meta\Robots->meta()
#3 /home/163112.cloudwaysapps.com/tugqfbgzba/public_html/wp-content/plugins/all-in-one-seo-pack/app/Common/Main/Head.php(161): require_once('/home/163112.cl...')
#4 /home/163112.cloudwaysapps.com/tugqfbgzba/public_html/wp-content/plugins/all-in-one-seo-pack/app/Common/Main/Head.php(90): AIOSEO\Plugin\Common in /home/163112.cloudwaysapps.com/tugqfbgzba/public_html/wp-content/plugins/all-in-one-seo-pack/app/Common/Meta/Robots.php on line 194

2021-01-05T13:43:38+00:00 CRITICAL Uncaught Error: Call to a member function all() on null in /home/163112.cloudwaysapps.com/tugqfbgzba/public_html/wp-content/plugins/all-in-one-seo-pack/app/Common/Meta/Robots.php:194
Stack trace:
#0 /home/163112.cloudwaysapps.com/tugqfbgzba/public_html/wp-content/plugins/all-in-one-seo-pack/app/Common/Meta/Robots.php(133): AIOSEO\Plugin\Common\Meta\Robots->globalValues()
#1 /home/163112.cloudwaysapps.com/tugqfbgzba/public_html/wp-content/plugins/all-in-one-seo-pack/app/Common/Meta/Robots.php(56): AIOSEO\Plugin\Common\Meta\Robots->post()
#2 /home/163112.cloudwaysapps.com/tugqfbgzba/public_html/wp-content/plugins/all-in-one-seo-pack/app/Common/Views/main/meta.php(11): AIOSEO\Plugin\Common\Meta\Robots->meta()
#3 /home/163112.cloudwaysapps.com/tugqfbgzba/public_html/wp-content/plugins/all-in-one-seo-pack/app/Common/Main/Head.php(161): require_once('/home/163112.cl...')
#4 /home/163112.cloudwaysapps.com/tugqfbgzba/public_html/wp-content/plugins/all-in-one-seo-pack/app/Common/Main/Head.php(90): AIOSEO\Plugin\Common in /home/163112.cloudwaysapps.com/tugqfbgzba/public_html/wp-content/plugins/all-in-one-seo-pack/app/Common/Meta/Robots.php on line 194

2021-01-05T13:49:37+00:00 CRITICAL Uncaught Error: Call to a member function all() on null in /home/163112.cloudwaysapps.com/tugqfbgzba/public_html/wp-content/plugins/all-in-one-seo-pack/app/Common/Meta/Robots.php:194
Stack trace:
#0 /home/163112.cloudwaysapps.com/tugqfbgzba/public_html/wp-content/plugins/all-in-one-seo-pack/app/Common/Meta/Robots.php(133): AIOSEO\Plugin\Common\Meta\Robots->globalValues()
#1 /home/163112.cloudwaysapps.com/tugqfbgzba/public_html/wp-content/plugins/all-in-one-seo-pack/app/Common/Meta/Robots.php(56): AIOSEO\Plugin\Common\Meta\Robots->post()
#2 /home/163112.cloudwaysapps.com/tugqfbgzba/public_html/wp-content/plugins/all-in-one-seo-pack/app/Common/Views/main/meta.php(11): AIOSEO\Plugin\Common\Meta\Robots->meta()
#3 /home/163112.cloudwaysapps.com/tugqfbgzba/public_html/wp-content/plugins/all-in-one-seo-pack/app/Common/Main/Head.php(161): require_once('/home/163112.cl...')
#4 /home/163112.cloudwaysapps.com/tugqfbgzba/public_html/wp-content/plugins/all-in-one-seo-pack/app/Common/Main/Head.php(90): AIOSEO\Plugin\Common in /home/163112.cloudwaysapps.com/tugqfbgzba/public_html/wp-content/plugins/all-in-one-seo-pack/app/Common/Meta/Robots.php on line 194

2021-01-05T14:05:36+00:00 CRITICAL Uncaught Error: Call to a member function all() on null in /home/163112.cloudwaysapps.com/tugqfbgzba/public_html/wp-content/plugins/all-in-one-seo-pack/app/Common/Meta/Robots.php:194
Stack trace:
#0 /home/163112.cloudwaysapps.com/tugqfbgzba/public_html/wp-content/plugins/all-in-one-seo-pack/app/Common/Meta/Robots.php(133): AIOSEO\Plugin\Common\Meta\Robots->globalValues()
#1 /home/163112.cloudwaysapps.com/tugqfbgzba/public_html/wp-content/plugins/all-in-one-seo-pack/app/Common/Meta/Robots.php(56): AIOSEO\Plugin\Common\Meta\Robots->post()
#2 /home/163112.cloudwaysapps.com/tugqfbgzba/public_html/wp-content/plugins/all-in-one-seo-pack/app/Common/Views/main/meta.php(11): AIOSEO\Plugin\Common\Meta\Robots->meta()
#3 /home/163112.cloudwaysapps.com/tugqfbgzba/public_html/wp-content/plugins/all-in-one-seo-pack/app/Common/Main/Head.php(161): require_once('/home/163112.cl...')
#4 /home/163112.cloudwaysapps.com/tugqfbgzba/public_html/wp-content/plugins/all-in-one-seo-pack/app/Common/Main/Head.php(90): AIOSEO\Plugin\Common in /home/163112.cloudwaysapps.com/tugqfbgzba/public_html/wp-content/plugins/all-in-one-seo-pack/app/Common/Meta/Robots.php on line 194

2021-01-05T14:07:36+00:00 CRITICAL Uncaught Error: Call to a member function all() on null in /home/163112.cloudwaysapps.com/tugqfbgzba/public_html/wp-content/plugins/all-in-one-seo-pack/app/Common/Meta/Robots.php:194
Stack trace:
#0 /home/163112.cloudwaysapps.com/tugqfbgzba/public_html/wp-content/plugins/all-in-one-seo-pack/app/Common/Meta/Robots.php(133): AIOSEO\Plugin\Common\Meta\Robots->globalValues()
#1 /home/163112.cloudwaysapps.com/tugqfbgzba/public_html/wp-content/plugins/all-in-one-seo-pack/app/Common/Meta/Robots.php(56): AIOSEO\Plugin\Common\Meta\Robots->post()
#2 /home/163112.cloudwaysapps.com/tugqfbgzba/public_html/wp-content/plugins/all-in-one-seo-pack/app/Common/Views/main/meta.php(11): AIOSEO\Plugin\Common\Meta\Robots->meta()
#3 /home/163112.cloudwaysapps.com/tugqfbgzba/public_html/wp-content/plugins/all-in-one-seo-pack/app/Common/Main/Head.php(161): require_once('/home/163112.cl...')
#4 /home/163112.cloudwaysapps.com/tugqfbgzba/public_html/wp-content/plugins/all-in-one-seo-pack/app/Common/Main/Head.php(90): AIOSEO\Plugin\Common in /home/163112.cloudwaysapps.com/tugqfbgzba/public_html/wp-content/plugins/all-in-one-seo-pack/app/Common/Meta/Robots.php on line 194

2021-01-05T14:11:13+00:00 CRITICAL Uncaught Error: Call to a member function all() on null in /home/163112.cloudwaysapps.com/tugqfbgzba/public_html/wp-content/plugins/all-in-one-seo-pack/app/Common/Meta/Robots.php:194
Stack trace:
#0 /home/163112.cloudwaysapps.com/tugqfbgzba/public_html/wp-content/plugins/all-in-one-seo-pack/app/Common/Meta/Robots.php(133): AIOSEO\Plugin\Common\Meta\Robots->globalValues()
#1 /home/163112.cloudwaysapps.com/tugqfbgzba/public_html/wp-content/plugins/all-in-one-seo-pack/app/Common/Meta/Robots.php(56): AIOSEO\Plugin\Common\Meta\Robots->post()
#2 /home/163112.cloudwaysapps.com/tugqfbgzba/public_html/wp-content/plugins/all-in-one-seo-pack/app/Common/Views/main/meta.php(11): AIOSEO\Plugin\Common\Meta\Robots->meta()
#3 /home/163112.cloudwaysapps.com/tugqfbgzba/public_html/wp-content/plugins/all-in-one-seo-pack/app/Common/Main/Head.php(161): require_once('/home/163112.cl...')
#4 /home/163112.cloudwaysapps.com/tugqfbgzba/public_html/wp-content/plugins/all-in-one-seo-pack/app/Common/Main/Head.php(90): AIOSEO\Plugin\Common in /home/163112.cloudwaysapps.com/tugqfbgzba/public_html/wp-content/plugins/all-in-one-seo-pack/app/Common/Meta/Robots.php on line 194

